[ 2016-06-13T00:23:12+08:00 ] 127.0.0.1 /Public/Widget/ListWebsite/Yocms_website_list_93/Yocms_website_list_93.js?_=1465748592087
INFO: [ app_begin ] --START--
INFO: ReadHtmlCache Behavior ::run [ RunTime:0.017578s ]
INFO: CheckLang Behavior ::run [ RunTime:0.041992s ]
INFO: [ app_begin ] --END-- [ RunTime:0.086914s ]
ERR: 无法加载模块:Public

[ 2016-06-13T00:23:12+08:00 ] 127.0.0.1 /Public/Widget/ListWebsite/Yocms_list_94/Yocms_website_list_94_whp_pink.css
ERR: 无法加载模块:Public

[ 2016-06-13T00:23:12+08:00 ] 127.0.0.1 /Public/Widget/ListWebsite/Yocms_website_list_94/Yocms_website_list_94.js?_=1465748592613
INFO: [ app_begin ] --START--
INFO: ReadHtmlCache Behavior ::run [ RunTime:0.013672s ]
INFO: CheckLang Behavior ::run [ RunTime:0.030274s ]
INFO: [ app_begin ] --END-- [ RunTime:0.051758s ]
ERR: 无法加载模块:Public

[ 2016-06-13T00:24:00+08:00 ] 127.0.0.1 /Public/Widget/ListWebsite/Yocms_list_94/Yocms_website_list_94_whp_pink.css
ERR: 无法加载模块:Public

[ 2016-06-13T00:24:00+08:00 ] 127.0.0.1 /Public/Widget/ListWebsite/Yocms_website_list_93/Yocms_website_list_93.js?_=1465748640170
INFO: [ app_begin ] --START--
INFO: ReadHtmlCache Behavior ::run [ RunTime:0.031250s ]
INFO: CheckLang Behavior ::run [ RunTime:0.029297s ]
INFO: [ app_begin ] --END-- [ RunTime:0.071289s ]
ERR: 无法加载模块:Public

[ 2016-06-13T00:24:00+08:00 ] 127.0.0.1 /Public/Widget/ListWebsite/Yocms_website_list_94/Yocms_website_list_94.js?_=1465748640599
INFO: [ app_begin ] --START--
INFO: ReadHtmlCache Behavior ::run [ RunTime:0.015625s ]
INFO: CheckLang Behavior ::run [ RunTime:0.039063s ]
INFO: [ app_begin ] --END-- [ RunTime:0.063477s ]
ERR: 无法加载模块:Public

[ 2016-06-13T00:24:11+08:00 ] 127.0.0.1 /Public/Widget/ListWebsite/Yocms_list_94/Yocms_website_list_94_whp_pink.css
ERR: 无法加载模块:Public

[ 2016-06-13T00:27:10+08:00 ] 127.0.0.1 /Public/Widget/ListWebsite/Yocms_website_list_93/Yocms_website_list_93.js?_=1465748830001
INFO: [ app_begin ] --START--
INFO: ReadHtmlCache Behavior ::run [ RunTime:0.007813s ]
INFO: CheckLang Behavior ::run [ RunTime:0.019531s ]
INFO: [ app_begin ] --END-- [ RunTime:0.033203s ]
ERR: 无法加载模块:Public

[ 2016-06-13T00:27:10+08:00 ] 127.0.0.1 /Public/Widget/ListWebsite/Yocms_website_list_94/Yocms_website_list_94.js?_=1465748830181
INFO: [ app_begin ] --START--
INFO: ReadHtmlCache Behavior ::run [ RunTime:0.010742s ]
INFO: CheckLang Behavior ::run [ RunTime:0.020508s ]
INFO: [ app_begin ] --END-- [ RunTime:0.037109s ]
ERR: 无法加载模块:Public

[ 2016-06-13T00:28:01+08:00 ] 127.0.0.1 /Public/Widget/ListWebsite/Yocms_website_list_93/Yocms_website_list_93.js?_=1465748880962
INFO: [ app_begin ] --START--
INFO: ReadHtmlCache Behavior ::run [ RunTime:0.009766s ]
INFO: CheckLang Behavior ::run [ RunTime:0.017578s ]
INFO: [ app_begin ] --END-- [ RunTime:0.034180s ]
ERR: 无法加载模块:Public

[ 2016-06-13T00:28:01+08:00 ] 127.0.0.1 /Public/Widget/ListWebsite/Yocms_website_list_94/Yocms_website_list_94.js?_=1465748881138
INFO: [ app_begin ] --START--
INFO: ReadHtmlCache Behavior ::run [ RunTime:0.007812s ]
INFO: CheckLang Behavior ::run [ RunTime:0.017578s ]
INFO: [ app_begin ] --END-- [ RunTime:0.031250s ]
ERR: 无法加载模块:Public

[ 2016-06-13T00:29:42+08:00 ] 127.0.0.1 /Public/Widget/ListWebsite/Yocms_website_list_93/Yocms_website_list_93.js?_=1465748981970
INFO: [ app_begin ] --START--
INFO: ReadHtmlCache Behavior ::run [ RunTime:0.009766s ]
INFO: CheckLang Behavior ::run [ RunTime:0.026368s ]
INFO: [ app_begin ] --END-- [ RunTime:0.044922s ]
ERR: 无法加载模块:Public

[ 2016-06-13T00:29:42+08:00 ] 127.0.0.1 /Public/Widget/ListWebsite/Yocms_website_list_94/Yocms_website_list_94.js?_=1465748982246
INFO: [ app_begin ] --START--
INFO: ReadHtmlCache Behavior ::run [ RunTime:0.009766s ]
INFO: CheckLang Behavior ::run [ RunTime:0.022461s ]
INFO: [ app_begin ] --END-- [ RunTime:0.041016s ]
ERR: 无法加载模块:Public

[ 2016-06-13T00:31:41+08:00 ] 127.0.0.1 /Public/Widget/ListWebsite/Yocms_website_list_93/Yocms_website_list_93.js?_=1465749101662
INFO: [ app_begin ] --START--
INFO: ReadHtmlCache Behavior ::run [ RunTime:0.012695s ]
INFO: CheckLang Behavior ::run [ RunTime:0.033203s ]
INFO: [ app_begin ] --END-- [ RunTime:0.083008s ]
ERR: 无法加载模块:Public

[ 2016-06-13T00:31:42+08:00 ] 127.0.0.1 /Public/Widget/ListWebsite/Yocms_website_list_94/Yocms_website_list_94.js?_=1465749101950
INFO: [ app_begin ] --START--
INFO: ReadHtmlCache Behavior ::run [ RunTime:0.007812s ]
INFO: CheckLang Behavior ::run [ RunTime:0.021484s ]
INFO: [ app_begin ] --END-- [ RunTime:0.037109s ]
ERR: 无法加载模块:Public

[ 2016-06-13T00:32:31+08:00 ] 127.0.0.1 /Public/Widget/ListWebsite/Yocms_website_list_93/Yocms_website_list_93.js?_=1465749151350
INFO: [ app_begin ] --START--
INFO: ReadHtmlCache Behavior ::run [ RunTime:0.011718s ]
INFO: CheckLang Behavior ::run [ RunTime:0.029297s ]
INFO: [ app_begin ] --END-- [ RunTime:0.046875s ]
ERR: 无法加载模块:Public

[ 2016-06-13T00:32:31+08:00 ] 127.0.0.1 /Public/Widget/ListWebsite/Yocms_website_list_94/Yocms_website_list_94.js?_=1465749151615
INFO: [ app_begin ] --START--
INFO: ReadHtmlCache Behavior ::run [ RunTime:0.012695s ]
INFO: CheckLang Behavior ::run [ RunTime:0.025391s ]
INFO: [ app_begin ] --END-- [ RunTime:0.043946s ]
ERR: 无法加载模块:Public

[ 2016-06-13T00:32:49+08:00 ] 127.0.0.1 /Public/Widget/ListWebsite/Yocms_website_list_93/Yocms_website_list_93.js?_=1465749168824
INFO: [ app_begin ] --START--
INFO: ReadHtmlCache Behavior ::run [ RunTime:0.015625s ]
INFO: CheckLang Behavior ::run [ RunTime:0.034180s ]
INFO: [ app_begin ] --END-- [ RunTime:0.063477s ]
ERR: 无法加载模块:Public

[ 2016-06-13T00:32:49+08:00 ] 127.0.0.1 /Public/Widget/ListWebsite/Yocms_website_list_94/Yocms_website_list_94.js?_=1465749169150
INFO: [ app_begin ] --START--
INFO: ReadHtmlCache Behavior ::run [ RunTime:0.020507s ]
INFO: CheckLang Behavior ::run [ RunTime:0.038086s ]
INFO: [ app_begin ] --END-- [ RunTime:0.067383s ]
ERR: 无法加载模块:Public

[ 2016-06-13T00:37:33+08:00 ] 127.0.0.1 /Public/Widget/ListWebsite/Yocms_website_list_93/Yocms_website_list_93.js?_=1465749452801
INFO: [ app_begin ] --START--
INFO: ReadHtmlCache Behavior ::run [ RunTime:0.008789s ]
INFO: CheckLang Behavior ::run [ RunTime:0.019532s ]
INFO: [ app_begin ] --END-- [ RunTime:0.033203s ]
ERR: 无法加载模块:Public

[ 2016-06-13T00:37:33+08:00 ] 127.0.0.1 /Public/Widget/ListWebsite/Yocms_website_list_94/Yocms_website_list_94.js?_=1465749453009
INFO: [ app_begin ] --START--
INFO: ReadHtmlCache Behavior ::run [ RunTime:0.007813s ]
INFO: CheckLang Behavior ::run [ RunTime:0.020508s ]
INFO: [ app_begin ] --END-- [ RunTime:0.033203s ]
ERR: 无法加载模块:Public

[ 2016-06-13T22:17:39+08:00 ] 127.0.0.1 /index.php?s=/Index/get_weather_info.html
INFO: [ app_begin ] --START--
INFO: ReadHtmlCache Behavior ::run [ RunTime:0.008789s ]
INFO: CheckLang Behavior ::run [ RunTime:0.018555s ]
INFO: [ app_begin ] --END-- [ RunTime:0.036133s ]
NOTIC: [8] Undefined index: areaid D:\xampp\htdocs\ThinkPHP_3_1_3_YO\linglingtangcom\APP\Lib\ORG\Weather.class.php 第 646 行.
SQL: SHOW COLUMNS FROM `yo_district` [ RunTime:0.146484s ]
NOTIC: [8] Undefined index: data D:\xampp\htdocs\ThinkPHP_3_1_3_YO\linglingtangcom\APP\Lib\Action\Yo81008\IndexAction.class.php 第 101 行.
NOTIC: [2] file_get_contents():  D:\xampp\htdocs\ThinkPHP_3_1_3_YO\linglingtangcom\APP\Lib\ORG\Weather.class.php 第 499 行.
NOTIC: [2] file_get_contents(http://open.weather.com.cn/data/?areaid=101280101&amp;type=forecast_v&amp;date=201606132217&amp;appid=194365&amp;key=CqVNMIMOAo8W95IbcxM78uu7pvg%3D):  D:\xampp\htdocs\ThinkPHP_3_1_3_YO\linglingtangcom\APP\Lib\ORG\Weather.class.php 第 499 行.
NOTIC: [2] Invalid argument supplied for foreach() D:\xampp\htdocs\ThinkPHP_3_1_3_YO\linglingtangcom\APP\Lib\ORG\Weather.class.php 第 503 行.

[ 2016-06-13T22:24:47+08:00 ] 127.0.0.1 /Public/Widget/ListWebsite/Yocms_website_list_93/Yocms_website_list_93.js?_=1465827887375
INFO: [ app_begin ] --START--
INFO: ReadHtmlCache Behavior ::run [ RunTime:0.019531s ]
INFO: CheckLang Behavior ::run [ RunTime:0.036133s ]
INFO: [ app_begin ] --END-- [ RunTime:0.070313s ]
ERR: 无法加载模块:Public

[ 2016-06-13T22:24:48+08:00 ] 127.0.0.1 /Public/Widget/ListWebsite/Yocms_website_list_94/Yocms_website_list_94.js?_=1465827887904
INFO: [ app_begin ] --START--
INFO: ReadHtmlCache Behavior ::run [ RunTime:0.012695s ]
INFO: CheckLang Behavior ::run [ RunTime:0.038086s ]
INFO: [ app_begin ] --END-- [ RunTime:0.063477s ]
ERR: 无法加载模块:Public

[ 2016-06-13T22:25:22+08:00 ] 127.0.0.1 /index.php?s=/Index/get_weather_info.html
INFO: [ app_begin ] --START--
INFO: ReadHtmlCache Behavior ::run [ RunTime:0.046875s ]
INFO: CheckLang Behavior ::run [ RunTime:0.069336s ]
INFO: [ app_begin ] --END-- [ RunTime:0.130859s ]
NOTIC: [8] Undefined index: areaid D:\xampp\htdocs\ThinkPHP_3_1_3_YO\linglingtangcom\APP\Lib\ORG\Weather.class.php 第 646 行.
SQL: SHOW COLUMNS FROM `yo_district` [ RunTime:0.018555s ]
NOTIC: [8] Undefined index: data D:\xampp\htdocs\ThinkPHP_3_1_3_YO\linglingtangcom\APP\Lib\Action\Yo81008\IndexAction.class.php 第 101 行.
NOTIC: [2] file_get_contents():  D:\xampp\htdocs\ThinkPHP_3_1_3_YO\linglingtangcom\APP\Lib\ORG\Weather.class.php 第 499 行.
NOTIC: [2] file_get_contents(http://open.weather.com.cn/data/?areaid=101280101&amp;type=forecast_v&amp;date=201606132225&amp;appid=194365&amp;key=hgiciQtghFFpaIw3Hci25FpoXhI%3D):  D:\xampp\htdocs\ThinkPHP_3_1_3_YO\linglingtangcom\APP\Lib\ORG\Weather.class.php 第 499 行.
NOTIC: [2] Invalid argument supplied for foreach() D:\xampp\htdocs\ThinkPHP_3_1_3_YO\linglingtangcom\APP\Lib\ORG\Weather.class.php 第 503 行.

[ 2016-06-13T22:26:51+08:00 ] 127.0.0.1 /index.php?s=/Yocms_widget/get_widget&Widget=ListDistrict&template=Yocms_list_city&condition[group]=city_alphabet
INFO: [ app_begin ] --START--
INFO: ReadHtmlCache Behavior ::run [ RunTime:0.021485s ]
INFO: CheckLang Behavior ::run [ RunTime:0.048828s ]
INFO: [ app_begin ] --END-- [ RunTime:0.084961s ]
INFO: [ view_parse ] --START--
NOTIC: [8] Undefined variable: action_url D:\xampp\htdocs\ThinkPHP_3_1_3_YO\linglingtangcom\APP\Runtime\Cache\Yo81008\3811381c6943201189d556984054d9b9.php 第 1 行.
NOTIC: [8] Undefined variable: format_type D:\xampp\htdocs\ThinkPHP_3_1_3_YO\linglingtangcom\APP\Runtime\Cache\Yo81008\3811381c6943201189d556984054d9b9.php 第 1 行.
SQL: SHOW COLUMNS FROM `yo_district` [ RunTime:0.011719s ]
NOTIC: [8] Undefined index: page D:\xampp\htdocs\ThinkPHP_3_1_3_YO\linglingtangcom\APP\Lib\Widget\ListDistrictWidget.class.php 第 35 行.
SQL: SELECT COUNT(*) AS tp_count FROM `yo_district` LIMIT 1   [ RunTime:0.003906s ]
NOTIC: [2] trim() expects parameter 1 to be string, array given D:\xampp\htdocs\ThinkPHP_3_1_3_YO\linglingtangcom\ThinkPHP\Common\functions.php 第 260 行.
NOTIC: [2] urlencode() expects parameter 1 to be string, array given D:\xampp\htdocs\ThinkPHP_3_1_3_YO\linglingtangcom\ThinkPHP\Common\functions.php 第 260 行.
SQL: SELECT * FROM `yo_district` WHERE ( `id` = 1 ) LIMIT 1   [ RunTime:0.025391s ]
SQL: SELECT * FROM `yo_district` WHERE ( `id` = 9 ) LIMIT 1   [ RunTime:0.002930s ]
SQL: SELECT * FROM `yo_district` WHERE ( `id` = 22 ) LIMIT 1   [ RunTime:0.007813s ]
SQL: SELECT `alphabet`,`level`,count(*) FROM `yo_district` WHERE ( `level` = 2 ) GROUP BY alphabet ORDER BY id LIMIT 0,10000   [ RunTime:0.007813s ]
ERR: 1054:Unknown column 'alphabet' in 'field list'
 [ SQL语句 ] : SELECT `alphabet`,`level`,count(*) FROM `yo_district` WHERE ( `level` = 2 ) GROUP BY alphabet ORDER BY id LIMIT 0,10000  
SQL: SELECT * FROM `yo_district` WHERE ( `level` = 2 ) ORDER BY id LIMIT 0,10000   [ RunTime:0.053711s ]
NOTIC: [2] Invalid argument supplied for foreach() D:\xampp\htdocs\ThinkPHP_3_1_3_YO\linglingtangcom\APP\Lib\Model\DistrictModel.class.php 第 187 行.
NOTIC: [2] Invalid argument supplied for foreach() D:\xampp\htdocs\ThinkPHP_3_1_3_YO\linglingtangcom\APP\Lib\Model\DistrictModel.class.php 第 187 行.
NOTIC: [2] Invalid argument supplied for foreach() D:\xampp\htdocs\ThinkPHP_3_1_3_YO\linglingtangcom\APP\Lib\Model\DistrictModel.class.php 第 187 行.
NOTIC: [2] Invalid argument supplied for foreach() D:\xampp\htdocs\ThinkPHP_3_1_3_YO\linglingtangcom\APP\Lib\Model\DistrictModel.class.php 第 187 行.
NOTIC: [2] Invalid argument supplied for foreach() D:\xampp\htdocs\ThinkPHP_3_1_3_YO\linglingtangcom\APP\Lib\Model\DistrictModel.class.php 第 187 行.
NOTIC: [2] Invalid argument supplied for foreach() D:\xampp\htdocs\ThinkPHP_3_1_3_YO\linglingtangcom\APP\Lib\Model\DistrictModel.class.php 第 187 行.
NOTIC: [2] Invalid argument supplied for foreach() D:\xampp\htdocs\ThinkPHP_3_1_3_YO\linglingtangcom\APP\Lib\Model\DistrictModel.class.php 第 187 行.
NOTIC: [2] Invalid argument supplied for foreach() D:\xampp\htdocs\ThinkPHP_3_1_3_YO\linglingtangcom\APP\Lib\Model\DistrictModel.class.php 第 187 行.
NOTIC: [2] Invalid argument supplied for foreach() D:\xampp\htdocs\ThinkPHP_3_1_3_YO\linglingtangcom\APP\Lib\Model\DistrictModel.class.php 第 187 行.
NOTIC: [2] Invalid argument supplied for foreach() D:\xampp\htdocs\ThinkPHP_3_1_3_YO\linglingtangcom\APP\Lib\Model\DistrictModel.class.php 第 187 行.
NOTIC: [2] Invalid argument supplied for foreach() D:\xampp\htdocs\ThinkPHP_3_1_3_YO\linglingtangcom\APP\Lib\Model\DistrictModel.class.php 第 187 行.
NOTIC: [2] Invalid argument supplied for foreach() D:\xampp\htdocs\ThinkPHP_3_1_3_YO\linglingtangcom\APP\Lib\Model\DistrictModel.class.php 第 187 行.
NOTIC: [2] Invalid argument supplied for foreach() D:\xampp\htdocs\ThinkPHP_3_1_3_YO\linglingtangcom\APP\Lib\Model\DistrictModel.class.php 第 187 行.
NOTIC: [2] Invalid argument supplied for foreach() D:\xampp\htdocs\ThinkPHP_3_1_3_YO\linglingtangcom\APP\Lib\Model\DistrictModel.class.php 第 187 行.
NOTIC: [2] Invalid argument supplied for foreach() D:\xampp\htdocs\ThinkPHP_3_1_3_YO\linglingtangcom\APP\Lib\Model\DistrictModel.class.php 第 187 行.
NOTIC: [2] Invalid argument supplied for foreach() D:\xampp\htdocs\ThinkPHP_3_1_3_YO\linglingtangcom\APP\Lib\Model\DistrictModel.class.php 第 187 行.
NOTIC: [2] Invalid argument supplied for foreach() D:\xampp\htdocs\ThinkPHP_3_1_3_YO\linglingtangcom\APP\Lib\Model\DistrictModel.class.php 第 187 行.
NOTIC: [2] Invalid argument supplied for foreach() D:\xampp\htdocs\ThinkPHP_3_1_3_YO\linglingtangcom\APP\Lib\Model\DistrictModel.class.php 第 187 行.
NOTIC: [2] Invalid argument supplied for foreach() D:\xampp\htdocs\ThinkPHP_3_1_3_YO\linglingtangcom\APP\Lib\Model\DistrictModel.class.php 第 187 行.
NOTIC: [2] Invalid argument supplied for foreach() D:\xampp\htdocs\ThinkPHP_3_1_3_YO\linglingtangcom\APP\Lib\Model\DistrictModel.class.php 第 187 行.
NOTIC: [2] Invalid argument supplied for foreach() D:\xampp\htdocs\ThinkPHP_3_1_3_YO\linglingtangcom\APP\Lib\Model\DistrictModel.class.php 第 187 行.
NOTIC: [2] Invalid argument supplied for foreach() D:\xampp\htdocs\ThinkPHP_3_1_3_YO\linglingtangcom\APP\Lib\Model\DistrictModel.class.php 第 187 行.
NOTIC: [2] Invalid argument supplied for foreach() D:\xampp\htdocs\ThinkPHP_3_1_3_YO\linglingtangcom\APP\Lib\Model\DistrictModel.class.php 第 187 行.
NOTIC: [2] Invalid argument supplied for foreach() D:\xampp\htdocs\ThinkPHP_3_1_3_YO\linglingtangcom\APP\Lib\Model\DistrictModel.class.php 第 187 行.
NOTIC: [2] Invalid argument supplied for foreach() D:\xampp\htdocs\ThinkPHP_3_1_3_YO\linglingtangcom\APP\Lib\Model\DistrictModel.class.php 第 187 行.
NOTIC: [2] Invalid argument supplied for foreach() D:\xampp\htdocs\ThinkPHP_3_1_3_YO\linglingtangcom\APP\Lib\Model\DistrictModel.class.php 第 187 行.
NOTIC: [2] Invalid argument supplied for foreach() D:\xampp\htdocs\ThinkPHP_3_1_3_YO\linglingtangcom\APP\Lib\Model\DistrictModel.class.php 第 187 行.
NOTIC: [2] Invalid argument supplied for foreach() D:\xampp\htdocs\ThinkPHP_3_1_3_YO\linglingtangcom\APP\Lib\Model\DistrictModel.class.php 第 187 行.
NOTIC: [2] Invalid argument supplied for foreach() D:\xampp\htdocs\ThinkPHP_3_1_3_YO\linglingtangcom\APP\Lib\Model\DistrictModel.class.php 第 187 行.
NOTIC: [2] Invalid argument supplied for foreach() D:\xampp\htdocs\ThinkPHP_3_1_3_YO\linglingtangcom\APP\Lib\Model\DistrictModel.class.php 第 187 行.
NOTIC: [2] Invalid argument supplied for foreach() D:\xampp\htdocs\ThinkPHP_3_1_3_YO\linglingtangcom\APP\Lib\Model\DistrictModel.class.php 第 187 行.
NOTIC: [2] Invalid argument supplied for foreach() D:\xampp\htdocs\ThinkPHP_3_1_3_YO\linglingtangcom\APP\Lib\Model\DistrictModel.class.php 第 187 行.
NOTIC: [2] Invalid argument supplied for foreach() D:\xampp\htdocs\ThinkPHP_3_1_3_YO\linglingtangcom\APP\Lib\Model\DistrictModel.class.php 第 187 行.
NOTIC: [2] Invalid argument supplied for foreach() D:\xampp\htdocs\ThinkPHP_3_1_3_YO\linglingtangcom\APP\Lib\Model\DistrictModel.class.php 第 187 行.
NOTIC: [2] Invalid argument supplied for foreach() D:\xampp\htdocs\ThinkPHP_3_1_3_YO\linglingtangcom\APP\Lib\Model\DistrictModel.class.php 第 187 行.
NOTIC: [2] Invalid argument supplied for foreach() D:\xampp\htdocs\ThinkPHP_3_1_3_YO\linglingtangcom\APP\Lib\Model\DistrictModel.class.php 第 187 行.
NOTIC: [2] Invalid argument supplied for foreach() D:\xampp\htdocs\ThinkPHP_3_1_3_YO\linglingtangcom\APP\Lib\Model\DistrictModel.class.php 第 187 行.
NOTIC: [2] Invalid argument supplied for foreach() D:\xampp\htdocs\ThinkPHP_3_1_3_YO\linglingtangcom\APP\Lib\Model\DistrictModel.class.php 第 187 行.
NOTIC: [2] Invalid argument supplied for foreach() D:\xampp\htdocs\ThinkPHP_3_1_3_YO\linglingtangcom\APP\Lib\Model\DistrictModel.class.php 第 187 行.
NOTIC: [2] Invalid argument supplied for foreach() D:\xampp\htdocs\ThinkPHP_3_1_3_YO\linglingtangcom\APP\Lib\Model\DistrictModel.class.php 第 187 行.
NOTIC: [2] Invalid argument supplied for foreach() D:\xampp\htdocs\ThinkPHP_3_1_3_YO\linglingtangcom\APP\Lib\Model\DistrictModel.class.php 第 187 行.
NOTIC: [2] Invalid argument supplied for foreach() D:\xampp\htdocs\ThinkPHP_3_1_3_YO\linglingtangcom\APP\Lib\Model\DistrictModel.class.php 第 187 行.
NOTIC: [2] Invalid argument supplied for foreach() D:\xampp\htdocs\ThinkPHP_3_1_3_YO\linglingtangcom\APP\Lib\Model\DistrictModel.class.php 第 187 行.
NOTIC: [2] Invalid argument supplied for foreach() D:\xampp\htdocs\ThinkPHP_3_1_3_YO\linglingtangcom\APP\Lib\Model\DistrictModel.class.php 第 187 行.
NOTIC: [2] Invalid argument supplied for foreach() D:\xampp\htdocs\ThinkPHP_3_1_3_YO\linglingtangcom\APP\Lib\Model\DistrictModel.class.php 第 187 行.
NOTIC: [2] Invalid argument supplied for foreach() D:\xampp\htdocs\ThinkPHP_3_1_3_YO\linglingtangcom\APP\Lib\Model\DistrictModel.class.php 第 187 行.
NOTIC: [2] Invalid argument supplied for foreach() D:\xampp\htdocs\ThinkPHP_3_1_3_YO\linglingtangcom\APP\Lib\Model\DistrictModel.class.php 第 187 行.
NOTIC: [2] Invalid argument supplied for foreach() D:\xampp\htdocs\ThinkPHP_3_1_3_YO\linglingtangcom\APP\Lib\Model\DistrictModel.class.php 第 187 行.
NOTIC: [2] Invalid argument supplied for foreach() D:\xampp\htdocs\ThinkPHP_3_1_3_YO\linglingtangcom\APP\Lib\Model\DistrictModel.class.php 第 187 行.
NOTIC: [2] Invalid argument supplied for foreach() D:\xampp\htdocs\ThinkPHP_3_1_3_YO\linglingtangcom\APP\Lib\Model\DistrictModel.class.php 第 187 行.
NOTIC: [2] Invalid argument supplied for foreach() D:\xampp\htdocs\ThinkPHP_3_1_3_YO\linglingtangcom\APP\Lib\Model\DistrictModel.class.php 第 187 行.
NOTIC: [2] Invalid argument supplied for foreach() D:\xampp\htdocs\ThinkPHP_3_1_3_YO\linglingtangcom\APP\Lib\Model\DistrictModel.class.php 第 187 行.
NOTIC: [2] Invalid argument supplied for foreach() D:\xampp\htdocs\ThinkPHP_3_1_3_YO\linglingtangcom\APP\Lib\Model\DistrictModel.class.php 第 187 行.
NOTIC: [2] Invalid argument supplied for foreach() D:\xampp\htdocs\ThinkPHP_3_1_3_YO\linglingtangcom\APP\Lib\Model\DistrictModel.class.php 第 187 行.
NOTIC: [2] Invalid argument supplied for foreach() D:\xampp\htdocs\ThinkPHP_3_1_3_YO\linglingtangcom\APP\Lib\Model\DistrictModel.class.php 第 187 行.
NOTIC: [2] Invalid argument supplied for foreach() D:\xampp\htdocs\ThinkPHP_3_1_3_YO\linglingtangcom\APP\Lib\Model\DistrictModel.class.php 第 187 行.
NOTIC: [2] Invalid argument supplied for foreach() D:\xampp\htdocs\ThinkPHP_3_1_3_YO\linglingtangcom\APP\Lib\Model\DistrictModel.class.php 第 187 行.
NOTIC: [2] Invalid argument supplied for foreach() D:\xampp\htdocs\ThinkPHP_3_1_3_YO\linglingtangcom\APP\Lib\Model\DistrictModel.class.php 第 187 行.
NOTIC: [2] Invalid argument supplied for foreach() D:\xampp\htdocs\ThinkPHP_3_1_3_YO\linglingtangcom\APP\Lib\Model\DistrictModel.class.php 第 187 行.
NOTIC: [2] Invalid argument supplied for foreach() D:\xampp\htdocs\ThinkPHP_3_1_3_YO\linglingtangcom\APP\Lib\Model\DistrictModel.class.php 第 187 行.
NOTIC: [2] Invalid argument supplied for foreach() D:\xampp\htdocs\ThinkPHP_3_1_3_YO\linglingtangcom\APP\Lib\Model\DistrictModel.class.php 第 187 行.
NOTIC: [2] Invalid argument supplied for foreach() D:\xampp\htdocs\ThinkPHP_3_1_3_YO\linglingtangcom\APP\Lib\Model\DistrictModel.class.php 第 187 行.
NOTIC: [2] Invalid argument supplied for foreach() D:\xampp\htdocs\ThinkPHP_3_1_3_YO\linglingtangcom\APP\Lib\Model\DistrictModel.class.php 第 187 行.
NOTIC: [2] Invalid argument supplied for foreach() D:\xampp\htdocs\ThinkPHP_3_1_3_YO\linglingtangcom\APP\Lib\Model\DistrictModel.class.php 第 187 行.
NOTIC: [2] Invalid argument supplied for foreach() D:\xampp\htdocs\ThinkPHP_3_1_3_YO\linglingtangcom\APP\Lib\Model\DistrictModel.class.php 第 187 行.
NOTIC: [2] Invalid argument supplied for foreach() D:\xampp\htdocs\ThinkPHP_3_1_3_YO\linglingtangcom\APP\Lib\Model\DistrictModel.class.php 第 187 行.
NOTIC: [2] Invalid argument supplied for foreach() D:\xampp\htdocs\ThinkPHP_3_1_3_YO\linglingtangcom\APP\Lib\Model\DistrictModel.class.php 第 187 行.
NOTIC: [2] Invalid argument supplied for foreach() D:\xampp\htdocs\ThinkPHP_3_1_3_YO\linglingtangcom\APP\Lib\Model\DistrictModel.class.php 第 187 行.
NOTIC: [2] Invalid argument supplied for foreach() D:\xampp\htdocs\ThinkPHP_3_1_3_YO\linglingtangcom\APP\Lib\Model\DistrictModel.class.php 第 187 行.
NOTIC: [2] Invalid argument supplied for foreach() D:\xampp\htdocs\ThinkPHP_3_1_3_YO\linglingtangcom\APP\Lib\Model\DistrictModel.class.php 第 187 行.
NOTIC: [2] Invalid argument supplied for foreach() D:\xampp\htdocs\ThinkPHP_3_1_3_YO\linglingtangcom\APP\Lib\Model\DistrictModel.class.php 第 187 行.
NOTIC: [2] Invalid argument supplied for foreach() D:\xampp\htdocs\ThinkPHP_3_1_3_YO\linglingtangcom\APP\Lib\Model\DistrictModel.class.php 第 187 行.
NOTIC: [2] Invalid argument supplied for foreach() D:\xampp\htdocs\ThinkPHP_3_1_3_YO\linglingtangcom\APP\Lib\Model\DistrictModel.class.php 第 187 行.
NOTIC: [2] Invalid argument supplied for foreach() D:\xampp\htdocs\ThinkPHP_3_1_3_YO\linglingtangcom\APP\Lib\Model\DistrictModel.class.php 第 187 行.
NOTIC: [2] Invalid argument supplied for foreach() D:\xampp\htdocs\ThinkPHP_3_1_3_YO\linglingtangcom\APP\Lib\Model\DistrictModel.class.php 第 187 行.
NOTIC: [2] Invalid argument supplied for foreach() D:\xampp\htdocs\ThinkPHP_3_1_3_YO\linglingtangcom\APP\Lib\Model\DistrictModel.class.php 第 187 行.
NOTIC: [2] Invalid argument supplied for foreach() D:\xampp\htdocs\ThinkPHP_3_1_3_YO\linglingtangcom\APP\Lib\Model\DistrictModel.class.php 第 187 行.
NOTIC: [2] Invalid argument supplied for foreach() D:\xampp\htdocs\ThinkPHP_3_1_3_YO\linglingtangcom\APP\Lib\Model\DistrictModel.class.php 第 187 行.
NOTIC: [2] Invalid argument supplied for foreach() D:\xampp\htdocs\ThinkPHP_3_1_3_YO\linglingtangcom\APP\Lib\Model\DistrictModel.class.php 第 187 行.
NOTIC: [2] Invalid argument supplied for foreach() D:\xampp\htdocs\ThinkPHP_3_1_3_YO\linglingtangcom\APP\Lib\Model\DistrictModel.class.php 第 187 行.
NOTIC: [2] Invalid argument supplied for foreach() D:\xampp\htdocs\ThinkPHP_3_1_3_YO\linglingtangcom\APP\Lib\Model\DistrictModel.class.php 第 187 行.
NOTIC: [2] Invalid argument supplied for foreach() D:\xampp\htdocs\ThinkPHP_3_1_3_YO\linglingtangcom\APP\Lib\Model\DistrictModel.class.php 第 187 行.
NOTIC: [2] Invalid argument supplied for foreach() D:\xampp\htdocs\ThinkPHP_3_1_3_YO\linglingtangcom\APP\Lib\Model\DistrictModel.class.php 第 187 行.
NOTIC: [2] Invalid argument supplied for foreach() D:\xampp\htdocs\ThinkPHP_3_1_3_YO\linglingtangcom\APP\Lib\Model\DistrictModel.class.php 第 187 行.
NOTIC: [2] Invalid argument supplied for foreach() D:\xampp\htdocs\ThinkPHP_3_1_3_YO\linglingtangcom\APP\Lib\Model\DistrictModel.class.php 第 187 行.
NOTIC: [2] Invalid argument supplied for foreach() D:\xampp\htdocs\ThinkPHP_3_1_3_YO\linglingtangcom\APP\Lib\Model\DistrictModel.class.php 第 187 行.
NOTIC: [2] Invalid argument supplied for foreach() D:\xampp\htdocs\ThinkPHP_3_1_3_YO\linglingtangcom\APP\Lib\Model\DistrictModel.class.php 第 187 行.
NOTIC: [2] Invalid argument supplied for foreach() D:\xampp\htdocs\ThinkPHP_3_1_3_YO\linglingtangcom\APP\Lib\Model\DistrictModel.class.php 第 187 行.
NOTIC: [2] Invalid argument supplied for foreach() D:\xampp\htdocs\ThinkPHP_3_1_3_YO\linglingtangcom\APP\Lib\Model\DistrictModel.class.php 第 187 行.
NOTIC: [2] Invalid argument supplied for foreach() D:\xampp\htdocs\ThinkPHP_3_1_3_YO\linglingtangcom\APP\Lib\Model\DistrictModel.class.php 第 187 行.
NOTIC: [2] Invalid argument supplied for foreach() D:\xampp\htdocs\ThinkPHP_3_1_3_YO\linglingtangcom\APP\Lib\Model\DistrictModel.class.php 第 187 行.
NOTIC: [2] Invalid argument supplied for foreach() D:\xampp\htdocs\ThinkPHP_3_1_3_YO\linglingtangcom\APP\Lib\Model\DistrictModel.class.php 第 187 行.
NOTIC: [2] Invalid argument supplied for foreach() D:\xampp\htdocs\ThinkPHP_3_1_3_YO\linglingtangcom\APP\Lib\Model\DistrictModel.class.php 第 187 行.
NOTIC: [2] Invalid argument supplied for foreach() D:\xampp\htdocs\ThinkPHP_3_1_3_YO\linglingtangcom\APP\Lib\Model\DistrictModel.class.php 第 187 行.
NOTIC: [2] Invalid argument supplied for foreach() D:\xampp\htdocs\ThinkPHP_3_1_3_YO\linglingtangcom\APP\Lib\Model\DistrictModel.class.php 第 187 行.
NOTIC: [2] Invalid argument supplied for foreach() D:\xampp\htdocs\ThinkPHP_3_1_3_YO\linglingtangcom\APP\Lib\Model\DistrictModel.class.php 第 187 行.
NOTIC: [2] Invalid argument supplied for foreach() D:\xampp\htdocs\ThinkPHP_3_1_3_YO\linglingtangcom\APP\Lib\Model\DistrictModel.class.php 第 187 行.
NOTIC: [2] Invalid argument supplied for foreach() D:\xampp\htdocs\ThinkPHP_3_1_3_YO\linglingtangcom\APP\Lib\Model\DistrictModel.class.php 第 187 行.
NOTIC: [2] Invalid argument supplied for foreach() D:\xampp\htdocs\ThinkPHP_3_1_3_YO\linglingtangcom\APP\Lib\Model\DistrictModel.class.php 第 187 行.
NOTIC: [2] Invalid argument supplied for foreach() D:\xampp\htdocs\ThinkPHP_3_1_3_YO\linglingtangcom\APP\Lib\Model\DistrictModel.class.php 第 187 行.
NOTIC: [2] Invalid argument supplied for foreach() D:\xampp\htdocs\ThinkPHP_3_1_3_YO\linglingtangcom\APP\Lib\Model\DistrictModel.class.php 第 187 行.
NOTIC: [2] Invalid argument supplied for foreach() D:\xampp\htdocs\ThinkPHP_3_1_3_YO\linglingtangcom\APP\Lib\Model\DistrictModel.class.php 第 187 行.
NOTIC: [2] Invalid argument supplied for foreach() D:\xampp\htdocs\ThinkPHP_3_1_3_YO\linglingtangcom\APP\Lib\Model\DistrictModel.class.php 第 187 行.
NOTIC: [2] Invalid argument supplied for foreach() D:\xampp\htdocs\ThinkPHP_3_1_3_YO\linglingtangcom\APP\Lib\Model\DistrictModel.class.php 第 187 行.
NOTIC: [2] Invalid argument supplied for foreach() D:\xampp\htdocs\ThinkPHP_3_1_3_YO\linglingtangcom\APP\Lib\Model\DistrictModel.class.php 第 187 行.
NOTIC: [2] Invalid argument supplied for foreach() D:\xampp\htdocs\ThinkPHP_3_1_3_YO\linglingtangcom\APP\Lib\Model\DistrictModel.class.php 第 187 行.
NOTIC: [2] Invalid argument supplied for foreach() D:\xampp\htdocs\ThinkPHP_3_1_3_YO\linglingtangcom\APP\Lib\Model\DistrictModel.class.php 第 187 行.
NOTIC: [2] Invalid argument supplied for foreach() D:\xampp\htdocs\ThinkPHP_3_1_3_YO\linglingtangcom\APP\Lib\Model\DistrictModel.class.php 第 187 行.
NOTIC: [2] Invalid argument supplied for foreach() D:\xampp\htdocs\ThinkPHP_3_1_3_YO\linglingtangcom\APP\Lib\Model\DistrictModel.class.php 第 187 行.
NOTIC: [2] Invalid argument supplied for foreach() D:\xampp\htdocs\ThinkPHP_3_1_3_YO\linglingtangcom\APP\Lib\Model\DistrictModel.class.php 第 187 行.
NOTIC: [2] Invalid argument supplied for foreach() D:\xampp\htdocs\ThinkPHP_3_1_3_YO\linglingtangcom\APP\Lib\Model\DistrictModel.class.php 第 187 行.
NOTIC: [2] Invalid argument supplied for foreach() D:\xampp\htdocs\ThinkPHP_3_1_3_YO\linglingtangcom\APP\Lib\Model\DistrictModel.class.php 第 187 行.
NOTIC: [2] Invalid argument supplied for foreach() D:\xampp\htdocs\ThinkPHP_3_1_3_YO\linglingtangcom\APP\Lib\Model\DistrictModel.class.php 第 187 行.
NOTIC: [2] Invalid argument supplied for foreach() D:\xampp\htdocs\ThinkPHP_3_1_3_YO\linglingtangcom\APP\Lib\Model\DistrictModel.class.php 第 187 行.
NOTIC: [2] Invalid argument supplied for foreach() D:\xampp\htdocs\ThinkPHP_3_1_3_YO\linglingtangcom\APP\Lib\Model\DistrictModel.class.php 第 187 行.
NOTIC: [2] Invalid argument supplied for foreach() D:\xampp\htdocs\ThinkPHP_3_1_3_YO\linglingtangcom\APP\Lib\Model\DistrictModel.class.php 第 187 行.
NOTIC: [2] Invalid argument supplied for foreach() D:\xampp\htdocs\ThinkPHP_3_1_3_YO\linglingtangcom\APP\Lib\Model\DistrictModel.class.php 第 187 行.
NOTIC: [2] Invalid argument supplied for foreach() D:\xampp\htdocs\ThinkPHP_3_1_3_YO\linglingtangcom\APP\Lib\Model\DistrictModel.class.php 第 187 行.
NOTIC: [2] Invalid argument supplied for foreach() D:\xampp\htdocs\ThinkPHP_3_1_3_YO\linglingtangcom\APP\Lib\Model\DistrictModel.class.php 第 187 行.
NOTIC: [2] Invalid argument supplied for foreach() D:\xampp\htdocs\ThinkPHP_3_1_3_YO\linglingtangcom\APP\Lib\Model\DistrictModel.class.php 第 187 行.
NOTIC: [2] Invalid argument supplied for foreach() D:\xampp\htdocs\ThinkPHP_3_1_3_YO\linglingtangcom\APP\Lib\Model\DistrictModel.class.php 第 187 行.
NOTIC: [2] Invalid argument supplied for foreach() D:\xampp\htdocs\ThinkPHP_3_1_3_YO\linglingtangcom\APP\Lib\Model\DistrictModel.class.php 第 187 行.
NOTIC: [2] Invalid argument supplied for foreach() D:\xampp\htdocs\ThinkPHP_3_1_3_YO\linglingtangcom\APP\Lib\Model\DistrictModel.class.php 第 187 行.
NOTIC: [2] Invalid argument supplied for foreach() D:\xampp\htdocs\ThinkPHP_3_1_3_YO\linglingtangcom\APP\Lib\Model\DistrictModel.class.php 第 187 行.
NOTIC: [2] Invalid argument supplied for foreach() D:\xampp\htdocs\ThinkPHP_3_1_3_YO\linglingtangcom\APP\Lib\Model\DistrictModel.class.php 第 187 行.
NOTIC: [2] Invalid argument supplied for foreach() D:\xampp\htdocs\ThinkPHP_3_1_3_YO\linglingtangcom\APP\Lib\Model\DistrictModel.class.php 第 187 行.
NOTIC: [2] Invalid argument supplied for foreach() D:\xampp\htdocs\ThinkPHP_3_1_3_YO\linglingtangcom\APP\Lib\Model\DistrictModel.class.php 第 187 行.
NOTIC: [2] Invalid argument supplied for foreach() D:\xampp\htdocs\ThinkPHP_3_1_3_YO\linglingtangcom\APP\Lib\Model\DistrictModel.class.php 第 187 行.
NOTIC: [2] Invalid argument supplied for foreach() D:\xampp\htdocs\ThinkPHP_3_1_3_YO\linglingtangcom\APP\Lib\Model\DistrictModel.class.php 第 187 行.
NOTIC: [2] Invalid argument supplied for foreach() D:\xampp\htdocs\ThinkPHP_3_1_3_YO\linglingtangcom\APP\Lib\Model\DistrictModel.class.php 第 187 行.
NOTIC: [2] Invalid argument supplied for foreach() D:\xampp\htdocs\ThinkPHP_3_1_3_YO\linglingtangcom\APP\Lib\Model\DistrictModel.class.php 第 187 行.
NOTIC: [2] Invalid argument supplied for foreach() D:\xampp\htdocs\ThinkPHP_3_1_3_YO\linglingtangcom\APP\Lib\Model\DistrictModel.class.php 第 187 行.
NOTIC: [2] Invalid argument supplied for foreach() D:\xampp\htdocs\ThinkPHP_3_1_3_YO\linglingtangcom\APP\Lib\Model\DistrictModel.class.php 第 187 行.
NOTIC: [2] Invalid argument supplied for foreach() D:\xampp\htdocs\ThinkPHP_3_1_3_YO\linglingtangcom\APP\Lib\Model\DistrictModel.class.php 第 187 行.
NOTIC: [2] Invalid argument supplied for foreach() D:\xampp\htdocs\ThinkPHP_3_1_3_YO\linglingtangcom\APP\Lib\Model\DistrictModel.class.php 第 187 行.
NOTIC: [2] Invalid argument supplied for foreach() D:\xampp\htdocs\ThinkPHP_3_1_3_YO\linglingtangcom\APP\Lib\Model\DistrictModel.class.php 第 187 行.
NOTIC: [2] Invalid argument supplied for foreach() D:\xampp\htdocs\ThinkPHP_3_1_3_YO\linglingtangcom\APP\Lib\Model\DistrictModel.class.php 第 187 行.
NOTIC: [2] Invalid argument supplied for foreach() D:\xampp\htdocs\ThinkPHP_3_1_3_YO\linglingtangcom\APP\Lib\Model\DistrictModel.class.php 第 187 行.
NOTIC: [2] Invalid argument supplied for foreach() D:\xampp\htdocs\ThinkPHP_3_1_3_YO\linglingtangcom\APP\Lib\Model\DistrictModel.class.php 第 187 行.
NOTIC: [2] Invalid argument supplied for foreach() D:\xampp\htdocs\ThinkPHP_3_1_3_YO\linglingtangcom\APP\Lib\Model\DistrictModel.class.php 第 187 行.
NOTIC: [2] Invalid argument supplied for foreach() D:\xampp\htdocs\ThinkPHP_3_1_3_YO\linglingtangcom\APP\Lib\Model\DistrictModel.class.php 第 187 行.
NOTIC: [2] Invalid argument supplied for foreach() D:\xampp\htdocs\ThinkPHP_3_1_3_YO\linglingtangcom\APP\Lib\Model\DistrictModel.class.php 第 187 行.
NOTIC: [2] Invalid argument supplied for foreach() D:\xampp\htdocs\ThinkPHP_3_1_3_YO\linglingtangcom\APP\Lib\Model\DistrictModel.class.php 第 187 行.
NOTIC: [2] Invalid argument supplied for foreach() D:\xampp\htdocs\ThinkPHP_3_1_3_YO\linglingtangcom\APP\Lib\Model\DistrictModel.class.php 第 187 行.
NOTIC: [2] Invalid argument supplied for foreach() D:\xampp\htdocs\ThinkPHP_3_1_3_YO\linglingtangcom\APP\Lib\Model\DistrictModel.class.php 第 187 行.
NOTIC: [2] Invalid argument supplied for foreach() D:\xampp\htdocs\ThinkPHP_3_1_3_YO\linglingtangcom\APP\Lib\Model\DistrictModel.class.php 第 187 行.
NOTIC: [2] Invalid argument supplied for foreach() D:\xampp\htdocs\ThinkPHP_3_1_3_YO\linglingtangcom\APP\Lib\Model\DistrictModel.class.php 第 187 行.
NOTIC: [2] Invalid argument supplied for foreach() D:\xampp\htdocs\ThinkPHP_3_1_3_YO\linglingtangcom\APP\Lib\Model\DistrictModel.class.php 第 187 行.
NOTIC: [2] Invalid argument supplied for foreach() D:\xampp\htdocs\ThinkPHP_3_1_3_YO\linglingtangcom\APP\Lib\Model\DistrictModel.class.php 第 187 行.
NOTIC: [2] Invalid argument supplied for foreach() D:\xampp\htdocs\ThinkPHP_3_1_3_YO\linglingtangcom\APP\Lib\Model\DistrictModel.class.php 第 187 行.
NOTIC: [2] Invalid argument supplied for foreach() D:\xampp\htdocs\ThinkPHP_3_1_3_YO\linglingtangcom\APP\Lib\Model\DistrictModel.class.php 第 187 行.
NOTIC: [2] Invalid argument supplied for foreach() D:\xampp\htdocs\ThinkPHP_3_1_3_YO\linglingtangcom\APP\Lib\Model\DistrictModel.class.php 第 187 行.
NOTIC: [2] Invalid argument supplied for foreach() D:\xampp\htdocs\ThinkPHP_3_1_3_YO\linglingtangcom\APP\Lib\Model\DistrictModel.class.php 第 187 行.
NOTIC: [2] Invalid argument supplied for foreach() D:\xampp\htdocs\ThinkPHP_3_1_3_YO\linglingtangcom\APP\Lib\Model\DistrictModel.class.php 第 187 行.
NOTIC: [2] Invalid argument supplied for foreach() D:\xampp\htdocs\ThinkPHP_3_1_3_YO\linglingtangcom\APP\Lib\Model\DistrictModel.class.php 第 187 行.
NOTIC: [2] Invalid argument supplied for foreach() D:\xampp\htdocs\ThinkPHP_3_1_3_YO\linglingtangcom\APP\Lib\Model\DistrictModel.class.php 第 187 行.
NOTIC: [2] Invalid argument supplied for foreach() D:\xampp\htdocs\ThinkPHP_3_1_3_YO\linglingtangcom\APP\Lib\Model\DistrictModel.class.php 第 187 行.
NOTIC: [2] Invalid argument supplied for foreach() D:\xampp\htdocs\ThinkPHP_3_1_3_YO\linglingtangcom\APP\Lib\Model\DistrictModel.class.php 第 187 行.
NOTIC: [2] Invalid argument supplied for foreach() D:\xampp\htdocs\ThinkPHP_3_1_3_YO\linglingtangcom\APP\Lib\Model\DistrictModel.class.php 第 187 行.
NOTIC: [2] Invalid argument supplied for foreach() D:\xampp\htdocs\ThinkPHP_3_1_3_YO\linglingtangcom\APP\Lib\Model\DistrictModel.class.php 第 187 行.
NOTIC: [2] Invalid argument supplied for foreach() D:\xampp\htdocs\ThinkPHP_3_1_3_YO\linglingtangcom\APP\Lib\Model\DistrictModel.class.php 第 187 行.
NOTIC: [2] Invalid argument supplied for foreach() D:\xampp\htdocs\ThinkPHP_3_1_3_YO\linglingtangcom\APP\Lib\Model\DistrictModel.class.php 第 187 行.
NOTIC: [2] Invalid argument supplied for foreach() D:\xampp\htdocs\ThinkPHP_3_1_3_YO\linglingtangcom\APP\Lib\Model\DistrictModel.class.php 第 187 行.
NOTIC: [2] Invalid argument supplied for foreach() D:\xampp\htdocs\ThinkPHP_3_1_3_YO\linglingtangcom\APP\Lib\Model\DistrictModel.class.php 第 187 行.
NOTIC: [2] Invalid argument supplied for foreach() D:\xampp\htdocs\ThinkPHP_3_1_3_YO\linglingtangcom\APP\Lib\Model\DistrictModel.class.php 第 187 行.
NOTIC: [2] Invalid argument supplied for foreach() D:\xampp\htdocs\ThinkPHP_3_1_3_YO\linglingtangcom\APP\Lib\Model\DistrictModel.class.php 第 187 行.
NOTIC: [2] Invalid argument supplied for foreach() D:\xampp\htdocs\ThinkPHP_3_1_3_YO\linglingtangcom\APP\Lib\Model\DistrictModel.class.php 第 187 行.
NOTIC: [2] Invalid argument supplied for foreach() D:\xampp\htdocs\ThinkPHP_3_1_3_YO\linglingtangcom\APP\Lib\Model\DistrictModel.class.php 第 187 行.
NOTIC: [2] Invalid argument supplied for foreach() D:\xampp\htdocs\ThinkPHP_3_1_3_YO\linglingtangcom\APP\Lib\Model\DistrictModel.class.php 第 187 行.
NOTIC: [2] Invalid argument supplied for foreach() D:\xampp\htdocs\ThinkPHP_3_1_3_YO\linglingtangcom\APP\Lib\Model\DistrictModel.class.php 第 187 行.
NOTIC: [2] Invalid argument supplied for foreach() D:\xampp\htdocs\ThinkPHP_3_1_3_YO\linglingtangcom\APP\Lib\Model\DistrictModel.class.php 第 187 行.
NOTIC: [2] Invalid argument supplied for foreach() D:\xampp\htdocs\ThinkPHP_3_1_3_YO\linglingtangcom\APP\Lib\Model\DistrictModel.class.php 第 187 行.
NOTIC: [2] Invalid argument supplied for foreach() D:\xampp\htdocs\ThinkPHP_3_1_3_YO\linglingtangcom\APP\Lib\Model\DistrictModel.class.php 第 187 行.
NOTIC: [2] Invalid argument supplied for foreach() D:\xampp\htdocs\ThinkPHP_3_1_3_YO\linglingtangcom\APP\Lib\Model\DistrictModel.class.php 第 187 行.
NOTIC: [2] Invalid argument supplied for foreach() D:\xampp\htdocs\ThinkPHP_3_1_3_YO\linglingtangcom\APP\Lib\Model\DistrictModel.class.php 第 187 行.
NOTIC: [2] Invalid argument supplied for foreach() D:\xampp\htdocs\ThinkPHP_3_1_3_YO\linglingtangcom\APP\Lib\Model\DistrictModel.class.php 第 187 行.
NOTIC: [2] Invalid argument supplied for foreach() D:\xampp\htdocs\ThinkPHP_3_1_3_YO\linglingtangcom\APP\Lib\Model\DistrictModel.class.php 第 187 行.
NOTIC: [2] Invalid argument supplied for foreach() D:\xampp\htdocs\ThinkPHP_3_1_3_YO\linglingtangcom\APP\Lib\Model\DistrictModel.class.php 第 187 行.
NOTIC: [2] Invalid argument supplied for foreach() D:\xampp\htdocs\ThinkPHP_3_1_3_YO\linglingtangcom\APP\Lib\Model\DistrictModel.class.php 第 187 行.
NOTIC: [2] Invalid argument supplied for foreach() D:\xampp\htdocs\ThinkPHP_3_1_3_YO\linglingtangcom\APP\Lib\Model\DistrictModel.class.php 第 187 行.
NOTIC: [2] Invalid argument supplied for foreach() D:\xampp\htdocs\ThinkPHP_3_1_3_YO\linglingtangcom\APP\Lib\Model\DistrictModel.class.php 第 187 行.
NOTIC: [2] Invalid argument supplied for foreach() D:\xampp\htdocs\ThinkPHP_3_1_3_YO\linglingtangcom\APP\Lib\Model\DistrictModel.class.php 第 187 行.
NOTIC: [2] Invalid argument supplied for foreach() D:\xampp\htdocs\ThinkPHP_3_1_3_YO\linglingtangcom\APP\Lib\Model\DistrictModel.class.php 第 187 行.
NOTIC: [2] Invalid argument supplied for foreach() D:\xampp\htdocs\ThinkPHP_3_1_3_YO\linglingtangcom\APP\Lib\Model\DistrictModel.class.php 第 187 行.
NOTIC: [2] Invalid argument supplied for foreach() D:\xampp\htdocs\ThinkPHP_3_1_3_YO\linglingtangcom\APP\Lib\Model\DistrictModel.class.php 第 187 行.
NOTIC: [2] Invalid argument supplied for foreach() D:\xampp\htdocs\ThinkPHP_3_1_3_YO\linglingtangcom\APP\Lib\Model\DistrictModel.class.php 第 187 行.
NOTIC: [2] Invalid argument supplied for foreach() D:\xampp\htdocs\ThinkPHP_3_1_3_YO\linglingtangcom\APP\Lib\Model\DistrictModel.class.php 第 187 行.
NOTIC: [2] Invalid argument supplied for foreach() D:\xampp\htdocs\ThinkPHP_3_1_3_YO\linglingtangcom\APP\Lib\Model\DistrictModel.class.php 第 187 行.
NOTIC: [2] Invalid argument supplied for foreach() D:\xampp\htdocs\ThinkPHP_3_1_3_YO\linglingtangcom\APP\Lib\Model\DistrictModel.class.php 第 187 行.
NOTIC: [2] Invalid argument supplied for foreach() D:\xampp\htdocs\ThinkPHP_3_1_3_YO\linglingtangcom\APP\Lib\Model\DistrictModel.class.php 第 187 行.
NOTIC: [2] Invalid argument supplied for foreach() D:\xampp\htdocs\ThinkPHP_3_1_3_YO\linglingtangcom\APP\Lib\Model\DistrictModel.class.php 第 187 行.
NOTIC: [2] Invalid argument supplied for foreach() D:\xampp\htdocs\ThinkPHP_3_1_3_YO\linglingtangcom\APP\Lib\Model\DistrictModel.class.php 第 187 行.
NOTIC: [2] Invalid argument supplied for foreach() D:\xampp\htdocs\ThinkPHP_3_1_3_YO\linglingtangcom\APP\Lib\Model\DistrictModel.class.php 第 187 行.
NOTIC: [2] Invalid argument supplied for foreach() D:\xampp\htdocs\ThinkPHP_3_1_3_YO\linglingtangcom\APP\Lib\Model\DistrictModel.class.php 第 187 行.
NOTIC: [2] Invalid argument supplied for foreach() D:\xampp\htdocs\ThinkPHP_3_1_3_YO\linglingtangcom\APP\Lib\Model\DistrictModel.class.php 第 187 行.
NOTIC: [2] Invalid argument supplied for foreach() D:\xampp\htdocs\ThinkPHP_3_1_3_YO\linglingtangcom\APP\Lib\Model\DistrictModel.class.php 第 187 行.
NOTIC: [2] Invalid argument supplied for foreach() D:\xampp\htdocs\ThinkPHP_3_1_3_YO\linglingtangcom\APP\Lib\Model\DistrictModel.class.php 第 187 行.
NOTIC: [2] Invalid argument supplied for foreach() D:\xampp\htdocs\ThinkPHP_3_1_3_YO\linglingtangcom\APP\Lib\Model\DistrictModel.class.php 第 187 行.
NOTIC: [2] Invalid argument supplied for foreach() D:\xampp\htdocs\ThinkPHP_3_1_3_YO\linglingtangcom\APP\Lib\Model\DistrictModel.class.php 第 187 行.
NOTIC: [2] Invalid argument supplied for foreach() D:\xampp\htdocs\ThinkPHP_3_1_3_YO\linglingtangcom\APP\Lib\Model\DistrictModel.class.php 第 187 行.
NOTIC: [2] Invalid argument supplied for foreach() D:\xampp\htdocs\ThinkPHP_3_1_3_YO\linglingtangcom\APP\Lib\Model\DistrictModel.class.php 第 187 行.
NOTIC: [2] Invalid argument supplied for foreach() D:\xampp\htdocs\ThinkPHP_3_1_3_YO\linglingtangcom\APP\Lib\Model\DistrictModel.class.php 第 187 行.
NOTIC: [2] Invalid argument supplied for foreach() D:\xampp\htdocs\ThinkPHP_3_1_3_YO\linglingtangcom\APP\Lib\Model\DistrictModel.class.php 第 187 行.
NOTIC: [2] Invalid argument supplied for foreach() D:\xampp\htdocs\ThinkPHP_3_1_3_YO\linglingtangcom\APP\Lib\Model\DistrictModel.class.php 第 187 行.
NOTIC: [2] Invalid argument supplied for foreach() D:\xampp\htdocs\ThinkPHP_3_1_3_YO\linglingtangcom\APP\Lib\Model\DistrictModel.class.php 第 187 行.
NOTIC: [2] Invalid argument supplied for foreach() D:\xampp\htdocs\ThinkPHP_3_1_3_YO\linglingtangcom\APP\Lib\Model\DistrictModel.class.php 第 187 行.
NOTIC: [2] Invalid argument supplied for foreach() D:\xampp\htdocs\ThinkPHP_3_1_3_YO\linglingtangcom\APP\Lib\Model\DistrictModel.class.php 第 187 行.
NOTIC: [2] Invalid argument supplied for foreach() D:\xampp\htdocs\ThinkPHP_3_1_3_YO\linglingtangcom\APP\Lib\Model\DistrictModel.class.php 第 187 行.
NOTIC: [2] Invalid argument supplied for foreach() D:\xampp\htdocs\ThinkPHP_3_1_3_YO\linglingtangcom\APP\Lib\Model\DistrictModel.class.php 第 187 行.
NOTIC: [2] Invalid argument supplied for foreach() D:\xampp\htdocs\ThinkPHP_3_1_3_YO\linglingtangcom\APP\Lib\Model\DistrictModel.class.php 第 187 行.
NOTIC: [2] Invalid argument supplied for foreach() D:\xampp\htdocs\ThinkPHP_3_1_3_YO\linglingtangcom\APP\Lib\Model\DistrictModel.class.php 第 187 行.
NOTIC: [2] Invalid argument supplied for foreach() D:\xampp\htdocs\ThinkPHP_3_1_3_YO\linglingtangcom\APP\Lib\Model\DistrictModel.class.php 第 187 行.
NOTIC: [2] Invalid argument supplied for foreach() D:\xampp\htdocs\ThinkPHP_3_1_3_YO\linglingtangcom\APP\Lib\Model\DistrictModel.class.php 第 187 行.
NOTIC: [2] Invalid argument supplied for foreach() D:\xampp\htdocs\ThinkPHP_3_1_3_YO\linglingtangcom\APP\Lib\Model\DistrictModel.class.php 第 187 行.
NOTIC: [2] Invalid argument supplied for foreach() D:\xampp\htdocs\ThinkPHP_3_1_3_YO\linglingtangcom\APP\Lib\Model\DistrictModel.class.php 第 187 行.
NOTIC: [2] Invalid argument supplied for foreach() D:\xampp\htdocs\ThinkPHP_3_1_3_YO\linglingtangcom\APP\Lib\Model\DistrictModel.class.php 第 187 行.
NOTIC: [2] Invalid argument supplied for foreach() D:\xampp\htdocs\ThinkPHP_3_1_3_YO\linglingtangcom\APP\Lib\Model\DistrictModel.class.php 第 187 行.
NOTIC: [2] Invalid argument supplied for foreach() D:\xampp\htdocs\ThinkPHP_3_1_3_YO\linglingtangcom\APP\Lib\Model\DistrictModel.class.php 第 187 行.
NOTIC: [2] Invalid argument supplied for foreach() D:\xampp\htdocs\ThinkPHP_3_1_3_YO\linglingtangcom\APP\Lib\Model\DistrictModel.class.php 第 187 行.
NOTIC: [2] Invalid argument supplied for foreach() D:\xampp\htdocs\ThinkPHP_3_1_3_YO\linglingtangcom\APP\Lib\Model\DistrictModel.class.php 第 187 行.
NOTIC: [2] Invalid argument supplied for foreach() D:\xampp\htdocs\ThinkPHP_3_1_3_YO\linglingtangcom\APP\Lib\Model\DistrictModel.class.php 第 187 行.
NOTIC: [2] Invalid argument supplied for foreach() D:\xampp\htdocs\ThinkPHP_3_1_3_YO\linglingtangcom\APP\Lib\Model\DistrictModel.class.php 第 187 行.
NOTIC: [2] Invalid argument supplied for foreach() D:\xampp\htdocs\ThinkPHP_3_1_3_YO\linglingtangcom\APP\Lib\Model\DistrictModel.class.php 第 187 行.
NOTIC: [2] Invalid argument supplied for foreach() D:\xampp\htdocs\ThinkPHP_3_1_3_YO\linglingtangcom\APP\Lib\Model\DistrictModel.class.php 第 187 行.
NOTIC: [2] Invalid argument supplied for foreach() D:\xampp\htdocs\ThinkPHP_3_1_3_YO\linglingtangcom\APP\Lib\Model\DistrictModel.class.php 第 187 行.
NOTIC: [2] Invalid argument supplied for foreach() D:\xampp\htdocs\ThinkPHP_3_1_3_YO\linglingtangcom\APP\Lib\Model\DistrictModel.class.php 第 187 行.
NOTIC: [2] Invalid argument supplied for foreach() D:\xampp\htdocs\ThinkPHP_3_1_3_YO\linglingtangcom\APP\Lib\Model\DistrictModel.class.php 第 187 行.
NOTIC: [2] Invalid argument supplied for foreach() D:\xampp\htdocs\ThinkPHP_3_1_3_YO\linglingtangcom\APP\Lib\Model\DistrictModel.class.php 第 187 行.
NOTIC: [2] Invalid argument supplied for foreach() D:\xampp\htdocs\ThinkPHP_3_1_3_YO\linglingtangcom\APP\Lib\Model\DistrictModel.class.php 第 187 行.
NOTIC: [2] Invalid argument supplied for foreach() D:\xampp\htdocs\ThinkPHP_3_1_3_YO\linglingtangcom\APP\Lib\Model\DistrictModel.class.php 第 187 行.
NOTIC: [2] Invalid argument supplied for foreach() D:\xampp\htdocs\ThinkPHP_3_1_3_YO\linglingtangcom\APP\Lib\Model\DistrictModel.class.php 第 187 行.
NOTIC: [2] Invalid argument supplied for foreach() D:\xampp\htdocs\ThinkPHP_3_1_3_YO\linglingtangcom\APP\Lib\Model\DistrictModel.class.php 第 187 行.
NOTIC: [2] Invalid argument supplied for foreach() D:\xampp\htdocs\ThinkPHP_3_1_3_YO\linglingtangcom\APP\Lib\Model\DistrictModel.class.php 第 187 行.
NOTIC: [2] Invalid argument supplied for foreach() D:\xampp\htdocs\ThinkPHP_3_1_3_YO\linglingtangcom\APP\Lib\Model\DistrictModel.class.php 第 187 行.
NOTIC: [2] Invalid argument supplied for foreach() D:\xampp\htdocs\ThinkPHP_3_1_3_YO\linglingtangcom\APP\Lib\Model\DistrictModel.class.php 第 187 行.
NOTIC: [2] Invalid argument supplied for foreach() D:\xampp\htdocs\ThinkPHP_3_1_3_YO\linglingtangcom\APP\Lib\Model\DistrictModel.class.php 第 187 行.
NOTIC: [2] Invalid argument supplied for foreach() D:\xampp\htdocs\ThinkPHP_3_1_3_YO\linglingtangcom\APP\Lib\Model\DistrictModel.class.php 第 187 行.
NOTIC: [2] Invalid argument supplied for foreach() D:\xampp\htdocs\ThinkPHP_3_1_3_YO\linglingtangcom\APP\Lib\Model\DistrictModel.class.php 第 187 行.
NOTIC: [2] Invalid argument supplied for foreach() D:\xampp\htdocs\ThinkPHP_3_1_3_YO\linglingtangcom\APP\Lib\Model\DistrictModel.class.php 第 187 行.
NOTIC: [2] Invalid argument supplied for foreach() D:\xampp\htdocs\ThinkPHP_3_1_3_YO\linglingtangcom\APP\Lib\Model\DistrictModel.class.php 第 187 行.
NOTIC: [2] Invalid argument supplied for foreach() D:\xampp\htdocs\ThinkPHP_3_1_3_YO\linglingtangcom\APP\Lib\Model\DistrictModel.class.php 第 187 行.
NOTIC: [2] Invalid argument supplied for foreach() D:\xampp\htdocs\ThinkPHP_3_1_3_YO\linglingtangcom\APP\Lib\Model\DistrictModel.class.php 第 187 行.
NOTIC: [2] Invalid argument supplied for foreach() D:\xampp\htdocs\ThinkPHP_3_1_3_YO\linglingtangcom\APP\Lib\Model\DistrictModel.class.php 第 187 行.
NOTIC: [2] Invalid argument supplied for foreach() D:\xampp\htdocs\ThinkPHP_3_1_3_YO\linglingtangcom\APP\Lib\Model\DistrictModel.class.php 第 187 行.
NOTIC: [2] Invalid argument supplied for foreach() D:\xampp\htdocs\ThinkPHP_3_1_3_YO\linglingtangcom\APP\Lib\Model\DistrictModel.class.php 第 187 行.
NOTIC: [2] Invalid argument supplied for foreach() D:\xampp\htdocs\ThinkPHP_3_1_3_YO\linglingtangcom\APP\Lib\Model\DistrictModel.class.php 第 187 行.
NOTIC: [2] Invalid argument supplied for foreach() D:\xampp\htdocs\ThinkPHP_3_1_3_YO\linglingtangcom\APP\Lib\Model\DistrictModel.class.php 第 187 行.
NOTIC: [2] Invalid argument supplied for foreach() D:\xampp\htdocs\ThinkPHP_3_1_3_YO\linglingtangcom\APP\Lib\Model\DistrictModel.class.php 第 187 行.
NOTIC: [2] Invalid argument supplied for foreach() D:\xampp\htdocs\ThinkPHP_3_1_3_YO\linglingtangcom\APP\Lib\Model\DistrictModel.class.php 第 187 行.
NOTIC: [2] Invalid argument supplied for foreach() D:\xampp\htdocs\ThinkPHP_3_1_3_YO\linglingtangcom\APP\Lib\Model\DistrictModel.class.php 第 187 行.
NOTIC: [2] Invalid argument supplied for foreach() D:\xampp\htdocs\ThinkPHP_3_1_3_YO\linglingtangcom\APP\Lib\Model\DistrictModel.class.php 第 187 行.
NOTIC: [2] Invalid argument supplied for foreach() D:\xampp\htdocs\ThinkPHP_3_1_3_YO\linglingtangcom\APP\Lib\Model\DistrictModel.class.php 第 187 行.
NOTIC: [2] Invalid argument supplied for foreach() D:\xampp\htdocs\ThinkPHP_3_1_3_YO\linglingtangcom\APP\Lib\Model\DistrictModel.class.php 第 187 行.
NOTIC: [2] Invalid argument supplied for foreach() D:\xampp\htdocs\ThinkPHP_3_1_3_YO\linglingtangcom\APP\Lib\Model\DistrictModel.class.php 第 187 行.
NOTIC: [2] Invalid argument supplied for foreach() D:\xampp\htdocs\ThinkPHP_3_1_3_YO\linglingtangcom\APP\Lib\Model\DistrictModel.class.php 第 187 行.
NOTIC: [2] Invalid argument supplied for foreach() D:\xampp\htdocs\ThinkPHP_3_1_3_YO\linglingtangcom\APP\Lib\Model\DistrictModel.class.php 第 187 行.
NOTIC: [2] Invalid argument supplied for foreach() D:\xampp\htdocs\ThinkPHP_3_1_3_YO\linglingtangcom\APP\Lib\Model\DistrictModel.class.php 第 187 行.
NOTIC: [2] Invalid argument supplied for foreach() D:\xampp\htdocs\ThinkPHP_3_1_3_YO\linglingtangcom\APP\Lib\Model\DistrictModel.class.php 第 187 行.
NOTIC: [2] Invalid argument supplied for foreach() D:\xampp\htdocs\ThinkPHP_3_1_3_YO\linglingtangcom\APP\Lib\Model\DistrictModel.class.php 第 187 行.
NOTIC: [2] Invalid argument supplied for foreach() D:\xampp\htdocs\ThinkPHP_3_1_3_YO\linglingtangcom\APP\Lib\Model\DistrictModel.class.php 第 187 行.
NOTIC: [2] Invalid argument supplied for foreach() D:\xampp\htdocs\ThinkPHP_3_1_3_YO\linglingtangcom\APP\Lib\Model\DistrictModel.class.php 第 187 行.
NOTIC: [2] Invalid argument supplied for foreach() D:\xampp\htdocs\ThinkPHP_3_1_3_YO\linglingtangcom\APP\Lib\Model\DistrictModel.class.php 第 187 行.
NOTIC: [2] Invalid argument supplied for foreach() D:\xampp\htdocs\ThinkPHP_3_1_3_YO\linglingtangcom\APP\Lib\Model\DistrictModel.class.php 第 187 行.
NOTIC: [2] Invalid argument supplied for foreach() D:\xampp\htdocs\ThinkPHP_3_1_3_YO\linglingtangcom\APP\Lib\Model\DistrictModel.class.php 第 187 行.
NOTIC: [2] Invalid argument supplied for foreach() D:\xampp\htdocs\ThinkPHP_3_1_3_YO\linglingtangcom\APP\Lib\Model\DistrictModel.class.php 第 187 行.
NOTIC: [2] Invalid argument supplied for foreach() D:\xampp\htdocs\ThinkPHP_3_1_3_YO\linglingtangcom\APP\Lib\Model\DistrictModel.class.php 第 187 行.
NOTIC: [2] Invalid argument supplied for foreach() D:\xampp\htdocs\ThinkPHP_3_1_3_YO\linglingtangcom\APP\Lib\Model\DistrictModel.class.php 第 187 行.
NOTIC: [2] Invalid argument supplied for foreach() D:\xampp\htdocs\ThinkPHP_3_1_3_YO\linglingtangcom\APP\Lib\Model\DistrictModel.class.php 第 187 行.
NOTIC: [2] Invalid argument supplied for foreach() D:\xampp\htdocs\ThinkPHP_3_1_3_YO\linglingtangcom\APP\Lib\Model\DistrictModel.class.php 第 187 行.
NOTIC: [2] Invalid argument supplied for foreach() D:\xampp\htdocs\ThinkPHP_3_1_3_YO\linglingtangcom\APP\Lib\Model\DistrictModel.class.php 第 187 行.
NOTIC: [2] Invalid argument supplied for foreach() D:\xampp\htdocs\ThinkPHP_3_1_3_YO\linglingtangcom\APP\Lib\Model\DistrictModel.class.php 第 187 行.
NOTIC: [2] Invalid argument supplied for foreach() D:\xampp\htdocs\ThinkPHP_3_1_3_YO\linglingtangcom\APP\Lib\Model\DistrictModel.class.php 第 187 行.
NOTIC: [2] Invalid argument supplied for foreach() D:\xampp\htdocs\ThinkPHP_3_1_3_YO\linglingtangcom\APP\Lib\Model\DistrictModel.class.php 第 187 行.
NOTIC: [2] Invalid argument supplied for foreach() D:\xampp\htdocs\ThinkPHP_3_1_3_YO\linglingtangcom\APP\Lib\Model\DistrictModel.class.php 第 187 行.
NOTIC: [2] Invalid argument supplied for foreach() D:\xampp\htdocs\ThinkPHP_3_1_3_YO\linglingtangcom\APP\Lib\Model\DistrictModel.class.php 第 187 行.
NOTIC: [2] Invalid argument supplied for foreach() D:\xampp\htdocs\ThinkPHP_3_1_3_YO\linglingtangcom\APP\Lib\Model\DistrictModel.class.php 第 187 行.
NOTIC: [2] Invalid argument supplied for foreach() D:\xampp\htdocs\ThinkPHP_3_1_3_YO\linglingtangcom\APP\Lib\Model\DistrictModel.class.php 第 187 行.
NOTIC: [2] Invalid argument supplied for foreach() D:\xampp\htdocs\ThinkPHP_3_1_3_YO\linglingtangcom\APP\Lib\Model\DistrictModel.class.php 第 187 行.
NOTIC: [2] Invalid argument supplied for foreach() D:\xampp\htdocs\ThinkPHP_3_1_3_YO\linglingtangcom\APP\Lib\Model\DistrictModel.class.php 第 187 行.
NOTIC: [2] Invalid argument supplied for foreach() D:\xampp\htdocs\ThinkPHP_3_1_3_YO\linglingtangcom\APP\Lib\Model\DistrictModel.class.php 第 187 行.
NOTIC: [2] Invalid argument supplied for foreach() D:\xampp\htdocs\ThinkPHP_3_1_3_YO\linglingtangcom\APP\Lib\Model\DistrictModel.class.php 第 187 行.
NOTIC: [2] Invalid argument supplied for foreach() D:\xampp\htdocs\ThinkPHP_3_1_3_YO\linglingtangcom\APP\Lib\Model\DistrictModel.class.php 第 187 行.
NOTIC: [2] Invalid argument supplied for foreach() D:\xampp\htdocs\ThinkPHP_3_1_3_YO\linglingtangcom\APP\Lib\Model\DistrictModel.class.php 第 187 行.
NOTIC: [2] Invalid argument supplied for foreach() D:\xampp\htdocs\ThinkPHP_3_1_3_YO\linglingtangcom\APP\Lib\Model\DistrictModel.class.php 第 187 行.
NOTIC: [2] Invalid argument supplied for foreach() D:\xampp\htdocs\ThinkPHP_3_1_3_YO\linglingtangcom\APP\Lib\Model\DistrictModel.class.php 第 187 行.
NOTIC: [2] Invalid argument supplied for foreach() D:\xampp\htdocs\ThinkPHP_3_1_3_YO\linglingtangcom\APP\Lib\Model\DistrictModel.class.php 第 187 行.
NOTIC: [2] Invalid argument supplied for foreach() D:\xampp\htdocs\ThinkPHP_3_1_3_YO\linglingtangcom\APP\Lib\Model\DistrictModel.class.php 第 187 行.
NOTIC: [2] Invalid argument supplied for foreach() D:\xampp\htdocs\ThinkPHP_3_1_3_YO\linglingtangcom\APP\Lib\Model\DistrictModel.class.php 第 187 行.
NOTIC: [2] Invalid argument supplied for foreach() D:\xampp\htdocs\ThinkPHP_3_1_3_YO\linglingtangcom\APP\Lib\Model\DistrictModel.class.php 第 187 行.
NOTIC: [2] Invalid argument supplied for foreach() D:\xampp\htdocs\ThinkPHP_3_1_3_YO\linglingtangcom\APP\Lib\Model\DistrictModel.class.php 第 187 行.
NOTIC: [2] Invalid argument supplied for foreach() D:\xampp\htdocs\ThinkPHP_3_1_3_YO\linglingtangcom\APP\Lib\Model\DistrictModel.class.php 第 187 行.
NOTIC: [2] Invalid argument supplied for foreach() D:\xampp\htdocs\ThinkPHP_3_1_3_YO\linglingtangcom\APP\Lib\Model\DistrictModel.class.php 第 187 行.
NOTIC: [2] Invalid argument supplied for foreach() D:\xampp\htdocs\ThinkPHP_3_1_3_YO\linglingtangcom\APP\Lib\Model\DistrictModel.class.php 第 187 行.
NOTIC: [2] Invalid argument supplied for foreach() D:\xampp\htdocs\ThinkPHP_3_1_3_YO\linglingtangcom\APP\Lib\Model\DistrictModel.class.php 第 187 行.
NOTIC: [2] Invalid argument supplied for foreach() D:\xampp\htdocs\ThinkPHP_3_1_3_YO\linglingtangcom\APP\Lib\Model\DistrictModel.class.php 第 187 行.
NOTIC: [2] Invalid argument supplied for foreach() D:\xampp\htdocs\ThinkPHP_3_1_3_YO\linglingtangcom\APP\Lib\Model\DistrictModel.class.php 第 187 行.
NOTIC: [2] Invalid argument supplied for foreach() D:\xampp\htdocs\ThinkPHP_3_1_3_YO\linglingtangcom\APP\Lib\Model\DistrictModel.class.php 第 187 行.
NOTIC: [2] Invalid argument supplied for foreach() D:\xampp\htdocs\ThinkPHP_3_1_3_YO\linglingtangcom\APP\Lib\Model\DistrictModel.class.php 第 187 行.
NOTIC: [2] Invalid argument supplied for foreach() D:\xampp\htdocs\ThinkPHP_3_1_3_YO\linglingtangcom\APP\Lib\Model\DistrictModel.class.php 第 187 行.
NOTIC: [2] Invalid argument supplied for foreach() D:\xampp\htdocs\ThinkPHP_3_1_3_YO\linglingtangcom\APP\Lib\Model\DistrictModel.class.php 第 187 行.
NOTIC: [2] Invalid argument supplied for foreach() D:\xampp\htdocs\ThinkPHP_3_1_3_YO\linglingtangcom\APP\Lib\Model\DistrictModel.class.php 第 187 行.
NOTIC: [2] Invalid argument supplied for foreach() D:\xampp\htdocs\ThinkPHP_3_1_3_YO\linglingtangcom\APP\Lib\Model\DistrictModel.class.php 第 187 行.
NOTIC: [2] Invalid argument supplied for foreach() D:\xampp\htdocs\ThinkPHP_3_1_3_YO\linglingtangcom\APP\Lib\Model\DistrictModel.class.php 第 187 行.
NOTIC: [2] Invalid argument supplied for foreach() D:\xampp\htdocs\ThinkPHP_3_1_3_YO\linglingtangcom\APP\Lib\Model\DistrictModel.class.php 第 187 行.
NOTIC: [2] Invalid argument supplied for foreach() D:\xampp\htdocs\ThinkPHP_3_1_3_YO\linglingtangcom\APP\Lib\Model\DistrictModel.class.php 第 187 行.
NOTIC: [2] Invalid argument supplied for foreach() D:\xampp\htdocs\ThinkPHP_3_1_3_YO\linglingtangcom\APP\Lib\Model\DistrictModel.class.php 第 187 行.
NOTIC: [2] Invalid argument supplied for foreach() D:\xampp\htdocs\ThinkPHP_3_1_3_YO\linglingtangcom\APP\Lib\Model\DistrictModel.class.php 第 187 行.
NOTIC: [2] Invalid argument supplied for foreach() D:\xampp\htdocs\ThinkPHP_3_1_3_YO\linglingtangcom\APP\Lib\Model\DistrictModel.class.php 第 187 行.
NOTIC: [2] Invalid argument supplied for foreach() D:\xampp\htdocs\ThinkPHP_3_1_3_YO\linglingtangcom\APP\Lib\Model\DistrictModel.class.php 第 187 行.
NOTIC: [2] Invalid argument supplied for foreach() D:\xampp\htdocs\ThinkPHP_3_1_3_YO\linglingtangcom\APP\Lib\Model\DistrictModel.class.php 第 187 行.
NOTIC: [2] Invalid argument supplied for foreach() D:\xampp\htdocs\ThinkPHP_3_1_3_YO\linglingtangcom\APP\Lib\Model\DistrictModel.class.php 第 187 行.
NOTIC: [2] Invalid argument supplied for foreach() D:\xampp\htdocs\ThinkPHP_3_1_3_YO\linglingtangcom\APP\Lib\Model\DistrictModel.class.php 第 187 行.
NOTIC: [2] Invalid argument supplied for foreach() D:\xampp\htdocs\ThinkPHP_3_1_3_YO\linglingtangcom\APP\Lib\Model\DistrictModel.class.php 第 187 行.
NOTIC: [2] Invalid argument supplied for foreach() D:\xampp\htdocs\ThinkPHP_3_1_3_YO\linglingtangcom\APP\Lib\Model\DistrictModel.class.php 第 187 行.
NOTIC: [2] Invalid argument supplied for foreach() D:\xampp\htdocs\ThinkPHP_3_1_3_YO\linglingtangcom\APP\Lib\Model\DistrictModel.class.php 第 187 行.
NOTIC: [2] Invalid argument supplied for foreach() D:\xampp\htdocs\ThinkPHP_3_1_3_YO\linglingtangcom\APP\Lib\Model\DistrictModel.class.php 第 187 行.
NOTIC: [2] Invalid argument supplied for foreach() D:\xampp\htdocs\ThinkPHP_3_1_3_YO\linglingtangcom\APP\Lib\Model\DistrictModel.class.php 第 187 行.
NOTIC: [2] Invalid argument supplied for foreach() D:\xampp\htdocs\ThinkPHP_3_1_3_YO\linglingtangcom\APP\Lib\Model\DistrictModel.class.php 第 187 行.
NOTIC: [2] Invalid argument supplied for foreach() D:\xampp\htdocs\ThinkPHP_3_1_3_YO\linglingtangcom\APP\Lib\Model\DistrictModel.class.php 第 187 行.
NOTIC: [2] Invalid argument supplied for foreach() D:\xampp\htdocs\ThinkPHP_3_1_3_YO\linglingtangcom\APP\Lib\Model\DistrictModel.class.php 第 187 行.
NOTIC: [2] Invalid argument supplied for foreach() D:\xampp\htdocs\ThinkPHP_3_1_3_YO\linglingtangcom\APP\Lib\Model\DistrictModel.class.php 第 187 行.
NOTIC: [2] Invalid argument supplied for foreach() D:\xampp\htdocs\ThinkPHP_3_1_3_YO\linglingtangcom\APP\Lib\Model\DistrictModel.class.php 第 187 行.
NOTIC: [2] Invalid argument supplied for foreach() D:\xampp\htdocs\ThinkPHP_3_1_3_YO\linglingtangcom\APP\Lib\Model\DistrictModel.class.php 第 187 行.
NOTIC: [2] Invalid argument supplied for foreach() D:\xampp\htdocs\ThinkPHP_3_1_3_YO\linglingtangcom\APP\Lib\Model\DistrictModel.class.php 第 187 行.
NOTIC: [2] Invalid argument supplied for foreach() D:\xampp\htdocs\ThinkPHP_3_1_3_YO\linglingtangcom\APP\Lib\Model\DistrictModel.class.php 第 187 行.
NOTIC: [2] Invalid argument supplied for foreach() D:\xampp\htdocs\ThinkPHP_3_1_3_YO\linglingtangcom\APP\Lib\Model\DistrictModel.class.php 第 187 行.
NOTIC: [2] Invalid argument supplied for foreach() D:\xampp\htdocs\ThinkPHP_3_1_3_YO\linglingtangcom\APP\Lib\Model\DistrictModel.class.php 第 187 行.
NOTIC: [2] Invalid argument supplied for foreach() D:\xampp\htdocs\ThinkPHP_3_1_3_YO\linglingtangcom\APP\Lib\Model\DistrictModel.class.php 第 187 行.
NOTIC: [2] Invalid argument supplied for foreach() D:\xampp\htdocs\ThinkPHP_3_1_3_YO\linglingtangcom\APP\Lib\Model\DistrictModel.class.php 第 187 行.
NOTIC: [2] Invalid argument supplied for foreach() D:\xampp\htdocs\ThinkPHP_3_1_3_YO\linglingtangcom\APP\Lib\Model\DistrictModel.class.php 第 187 行.
NOTIC: [2] Invalid argument supplied for foreach() D:\xampp\htdocs\ThinkPHP_3_1_3_YO\linglingtangcom\APP\Lib\Model\DistrictModel.class.php 第 187 行.
NOTIC: [2] Invalid argument supplied for foreach() D:\xampp\htdocs\ThinkPHP_3_1_3_YO\linglingtangcom\APP\Lib\Model\DistrictModel.class.php 第 187 行.
NOTIC: [2] Invalid argument supplied for foreach() D:\xampp\htdocs\ThinkPHP_3_1_3_YO\linglingtangcom\APP\Lib\Model\DistrictModel.class.php 第 187 行.
NOTIC: [2] Invalid argument supplied for foreach() D:\xampp\htdocs\ThinkPHP_3_1_3_YO\linglingtangcom\APP\Lib\Model\DistrictModel.class.php 第 187 行.
NOTIC: [2] Invalid argument supplied for foreach() D:\xampp\htdocs\ThinkPHP_3_1_3_YO\linglingtangcom\APP\Lib\Model\DistrictModel.class.php 第 187 行.
NOTIC: [2] Invalid argument supplied for foreach() D:\xampp\htdocs\ThinkPHP_3_1_3_YO\linglingtangcom\APP\Lib\Model\DistrictModel.class.php 第 187 行.
NOTIC: [2] Invalid argument supplied for foreach() D:\xampp\htdocs\ThinkPHP_3_1_3_YO\linglingtangcom\APP\Lib\Model\DistrictModel.class.php 第 187 行.
NOTIC: [2] Invalid argument supplied for foreach() D:\xampp\htdocs\ThinkPHP_3_1_3_YO\linglingtangcom\APP\Lib\Model\DistrictModel.class.php 第 187 行.
NOTIC: [2] Invalid argument supplied for foreach() D:\xampp\htdocs\ThinkPHP_3_1_3_YO\linglingtangcom\APP\Lib\Model\DistrictModel.class.php 第 187 行.
NOTIC: [2] Invalid argument supplied for foreach() D:\xampp\htdocs\ThinkPHP_3_1_3_YO\linglingtangcom\APP\Lib\Model\DistrictModel.class.php 第 187 行.
NOTIC: [2] Invalid argument supplied for foreach() D:\xampp\htdocs\ThinkPHP_3_1_3_YO\linglingtangcom\APP\Lib\Model\DistrictModel.class.php 第 187 行.
NOTIC: [2] Invalid argument supplied for foreach() D:\xampp\htdocs\ThinkPHP_3_1_3_YO\linglingtangcom\APP\Lib\Model\DistrictModel.class.php 第 187 行.
NOTIC: [2] Invalid argument supplied for foreach() D:\xampp\htdocs\ThinkPHP_3_1_3_YO\linglingtangcom\APP\Lib\Model\DistrictModel.class.php 第 187 行.
NOTIC: [2] Invalid argument supplied for foreach() D:\xampp\htdocs\ThinkPHP_3_1_3_YO\linglingtangcom\APP\Lib\Model\DistrictModel.class.php 第 187 行.
NOTIC: [2] Invalid argument supplied for foreach() D:\xampp\htdocs\ThinkPHP_3_1_3_YO\linglingtangcom\APP\Lib\Model\DistrictModel.class.php 第 187 行.
NOTIC: [2] Invalid argument supplied for foreach() D:\xampp\htdocs\ThinkPHP_3_1_3_YO\linglingtangcom\APP\Lib\Model\DistrictModel.class.php 第 187 行.
NOTIC: [2] Invalid argument supplied for foreach() D:\xampp\htdocs\ThinkPHP_3_1_3_YO\linglingtangcom\APP\Lib\Model\DistrictModel.class.php 第 187 行.
NOTIC: [2] Invalid argument supplied for foreach() D:\xampp\htdocs\ThinkPHP_3_1_3_YO\linglingtangcom\APP\Lib\Model\DistrictModel.class.php 第 187 行.
NOTIC: [2] Invalid argument supplied for foreach() D:\xampp\htdocs\ThinkPHP_3_1_3_YO\linglingtangcom\APP\Lib\Model\DistrictModel.class.php 第 187 行.
NOTIC: [2] Invalid argument supplied for foreach() D:\xampp\htdocs\ThinkPHP_3_1_3_YO\linglingtangcom\APP\Lib\Model\DistrictModel.class.php 第 187 行.
NOTIC: [2] Invalid argument supplied for foreach() D:\xampp\htdocs\ThinkPHP_3_1_3_YO\linglingtangcom\APP\Lib\Model\DistrictModel.class.php 第 187 行.
NOTIC: [2] Invalid argument supplied for foreach() D:\xampp\htdocs\ThinkPHP_3_1_3_YO\linglingtangcom\APP\Lib\Model\DistrictModel.class.php 第 187 行.
NOTIC: [2] Invalid argument supplied for foreach() D:\xampp\htdocs\ThinkPHP_3_1_3_YO\linglingtangcom\APP\Lib\Model\DistrictModel.class.php 第 187 行.
NOTIC: [2] Invalid argument supplied for foreach() D:\xampp\htdocs\ThinkPHP_3_1_3_YO\linglingtangcom\APP\Lib\Model\DistrictModel.class.php 第 187 行.
NOTIC: [2] Invalid argument supplied for foreach() D:\xampp\htdocs\ThinkPHP_3_1_3_YO\linglingtangcom\APP\Lib\Model\DistrictModel.class.php 第 187 行.
NOTIC: [2] Invalid argument supplied for foreach() D:\xampp\htdocs\ThinkPHP_3_1_3_YO\linglingtangcom\APP\Lib\Model\DistrictModel.class.php 第 187 行.
NOTIC: [2] Invalid argument supplied for foreach() D:\xampp\htdocs\ThinkPHP_3_1_3_YO\linglingtangcom\APP\Lib\Model\DistrictModel.class.php 第 187 行.
NOTIC: [2] Invalid argument supplied for foreach() D:\xampp\htdocs\ThinkPHP_3_1_3_YO\linglingtangcom\APP\Lib\Model\DistrictModel.class.php 第 187 行.
NOTIC: [2] Invalid argument supplied for foreach() D:\xampp\htdocs\ThinkPHP_3_1_3_YO\linglingtangcom\APP\Lib\Model\DistrictModel.class.php 第 187 行.
NOTIC: [2] Invalid argument supplied for foreach() D:\xampp\htdocs\ThinkPHP_3_1_3_YO\linglingtangcom\APP\Lib\Model\DistrictModel.class.php 第 187 行.
NOTIC: [2] Invalid argument supplied for foreach() D:\xampp\htdocs\ThinkPHP_3_1_3_YO\linglingtangcom\APP\Lib\Model\DistrictModel.class.php 第 187 行.
NOTIC: [2] Invalid argument supplied for foreach() D:\xampp\htdocs\ThinkPHP_3_1_3_YO\linglingtangcom\APP\Lib\Model\DistrictModel.class.php 第 187 行.
NOTIC: [2] Invalid argument supplied for foreach() D:\xampp\htdocs\ThinkPHP_3_1_3_YO\linglingtangcom\APP\Lib\Model\DistrictModel.class.php 第 187 行.
NOTIC: [2] Invalid argument supplied for foreach() D:\xampp\htdocs\ThinkPHP_3_1_3_YO\linglingtangcom\APP\Lib\Model\DistrictModel.class.php 第 187 行.
NOTIC: [2] Invalid argument supplied for foreach() D:\xampp\htdocs\ThinkPHP_3_1_3_YO\linglingtangcom\APP\Lib\Model\DistrictModel.class.php 第 187 行.
NOTIC: [2] Invalid argument supplied for foreach() D:\xampp\htdocs\ThinkPHP_3_1_3_YO\linglingtangcom\APP\Lib\Model\DistrictModel.class.php 第 187 行.
NOTIC: [2] Invalid argument supplied for foreach() D:\xampp\htdocs\ThinkPHP_3_1_3_YO\linglingtangcom\APP\Lib\Model\DistrictModel.class.php 第 187 行.
NOTIC: [2] Invalid argument supplied for foreach() D:\xampp\htdocs\ThinkPHP_3_1_3_YO\linglingtangcom\APP\Lib\Model\DistrictModel.class.php 第 187 行.
NOTIC: [2] Invalid argument supplied for foreach() D:\xampp\htdocs\ThinkPHP_3_1_3_YO\linglingtangcom\APP\Lib\Model\DistrictModel.class.php 第 187 行.
NOTIC: [2] Invalid argument supplied for foreach() D:\xampp\htdocs\ThinkPHP_3_1_3_YO\linglingtangcom\APP\Lib\Model\DistrictModel.class.php 第 187 行.
NOTIC: [2] Invalid argument supplied for foreach() D:\xampp\htdocs\ThinkPHP_3_1_3_YO\linglingtangcom\APP\Lib\Model\DistrictModel.class.php 第 187 行.
NOTIC: [2] Invalid argument supplied for foreach() D:\xampp\htdocs\ThinkPHP_3_1_3_YO\linglingtangcom\APP\Lib\Model\DistrictModel.class.php 第 187 行.
NOTIC: [2] Invalid argument supplied for foreach() D:\xampp\htdocs\ThinkPHP_3_1_3_YO\linglingtangcom\APP\Lib\Model\DistrictModel.class.php 第 187 行.
NOTIC: [2] Invalid argument supplied for foreach() D:\xampp\htdocs\ThinkPHP_3_1_3_YO\linglingtangcom\APP\Lib\Model\DistrictModel.class.php 第 187 行.
NOTIC: [2] Invalid argument supplied for foreach() D:\xampp\htdocs\ThinkPHP_3_1_3_YO\linglingtangcom\APP\Lib\Model\DistrictModel.class.php 第 187 行.
NOTIC: [2] Invalid argument supplied for foreach() D:\xampp\htdocs\ThinkPHP_3_1_3_YO\linglingtangcom\APP\Lib\Model\DistrictModel.class.php 第 187 行.
NOTIC: [2] Invalid argument supplied for foreach() D:\xampp\htdocs\ThinkPHP_3_1_3_YO\linglingtangcom\APP\Lib\Model\DistrictModel.class.php 第 187 行.
NOTIC: [2] Invalid argument supplied for foreach() D:\xampp\htdocs\ThinkPHP_3_1_3_YO\linglingtangcom\APP\Lib\Model\DistrictModel.class.php 第 187 行.
NOTIC: [2] Invalid argument supplied for foreach() D:\xampp\htdocs\ThinkPHP_3_1_3_YO\linglingtangcom\APP\Lib\Model\DistrictModel.class.php 第 187 行.
NOTIC: [2] Invalid argument supplied for foreach() D:\xampp\htdocs\ThinkPHP_3_1_3_YO\linglingtangcom\APP\Lib\Model\DistrictModel.class.php 第 187 行.
NOTIC: [2] Invalid argument supplied for foreach() D:\xampp\htdocs\ThinkPHP_3_1_3_YO\linglingtangcom\APP\Lib\Model\DistrictModel.class.php 第 187 行.
NOTIC: [2] Invalid argument supplied for foreach() D:\xampp\htdocs\ThinkPHP_3_1_3_YO\linglingtangcom\APP\Lib\Model\DistrictModel.class.php 第 187 行.
NOTIC: [2] Invalid argument supplied for foreach() D:\xampp\htdocs\ThinkPHP_3_1_3_YO\linglingtangcom\APP\Lib\Model\DistrictModel.class.php 第 187 行.
NOTIC: [2] Invalid argument supplied for foreach() D:\xampp\htdocs\ThinkPHP_3_1_3_YO\linglingtangcom\APP\Lib\Model\DistrictModel.class.php 第 187 行.
NOTIC: [2] Invalid argument supplied for foreach() D:\xampp\htdocs\ThinkPHP_3_1_3_YO\linglingtangcom\APP\Lib\Model\DistrictModel.class.php 第 187 行.
NOTIC: [2] Invalid argument supplied for foreach() D:\xampp\htdocs\ThinkPHP_3_1_3_YO\linglingtangcom\APP\Lib\Model\DistrictModel.class.php 第 187 行.
NOTIC: [2] Invalid argument supplied for foreach() D:\xampp\htdocs\ThinkPHP_3_1_3_YO\linglingtangcom\APP\Lib\Model\DistrictModel.class.php 第 187 行.
NOTIC: [2] Invalid argument supplied for foreach() D:\xampp\htdocs\ThinkPHP_3_1_3_YO\linglingtangcom\APP\Lib\Model\DistrictModel.class.php 第 187 行.
NOTIC: [2] Invalid argument supplied for foreach() D:\xampp\htdocs\ThinkPHP_3_1_3_YO\linglingtangcom\APP\Lib\Model\DistrictModel.class.php 第 187 行.
NOTIC: [2] Invalid argument supplied for foreach() D:\xampp\htdocs\ThinkPHP_3_1_3_YO\linglingtangcom\APP\Lib\Model\DistrictModel.class.php 第 187 行.
NOTIC: [2] Invalid argument supplied for foreach() D:\xampp\htdocs\ThinkPHP_3_1_3_YO\linglingtangcom\APP\Lib\Model\DistrictModel.class.php 第 187 行.
NOTIC: [2] Invalid argument supplied for foreach() D:\xampp\htdocs\ThinkPHP_3_1_3_YO\linglingtangcom\APP\Lib\Model\DistrictModel.class.php 第 187 行.
NOTIC: [2] Invalid argument supplied for foreach() D:\xampp\htdocs\ThinkPHP_3_1_3_YO\linglingtangcom\APP\Lib\Model\DistrictModel.class.php 第 187 行.
NOTIC: [2] Invalid argument supplied for foreach() D:\xampp\htdocs\ThinkPHP_3_1_3_YO\linglingtangcom\APP\Lib\Model\DistrictModel.class.php 第 187 行.
NOTIC: [2] Invalid argument supplied for foreach() D:\xampp\htdocs\ThinkPHP_3_1_3_YO\linglingtangcom\APP\Lib\Model\DistrictModel.class.php 第 187 行.
NOTIC: [2] Invalid argument supplied for foreach() D:\xampp\htdocs\ThinkPHP_3_1_3_YO\linglingtangcom\APP\Lib\Model\DistrictModel.class.php 第 187 行.
NOTIC: [2] Invalid argument supplied for foreach() D:\xampp\htdocs\ThinkPHP_3_1_3_YO\linglingtangcom\APP\Lib\Model\DistrictModel.class.php 第 187 行.
NOTIC: [2] Invalid argument supplied for foreach() D:\xampp\htdocs\ThinkPHP_3_1_3_YO\linglingtangcom\APP\Lib\Model\DistrictModel.class.php 第 187 行.
NOTIC: [2] Invalid argument supplied for foreach() D:\xampp\htdocs\ThinkPHP_3_1_3_YO\linglingtangcom\APP\Lib\Model\DistrictModel.class.php 第 187 行.
NOTIC: [2] Invalid argument supplied for foreach() D:\xampp\htdocs\ThinkPHP_3_1_3_YO\linglingtangcom\APP\Lib\Model\DistrictModel.class.php 第 187 行.
NOTIC: [2] Invalid argument supplied for foreach() D:\xampp\htdocs\ThinkPHP_3_1_3_YO\linglingtangcom\APP\Lib\Model\DistrictModel.class.php 第 187 行.
NOTIC: [2] Invalid argument supplied for foreach() D:\xampp\htdocs\ThinkPHP_3_1_3_YO\linglingtangcom\APP\Lib\Model\DistrictModel.class.php 第 187 行.
NOTIC: [2] Invalid argument supplied for foreach() D:\xampp\htdocs\ThinkPHP_3_1_3_YO\linglingtangcom\APP\Lib\Model\DistrictModel.class.php 第 187 行.
NOTIC: [2] Invalid argument supplied for foreach() D:\xampp\htdocs\ThinkPHP_3_1_3_YO\linglingtangcom\APP\Lib\Model\DistrictModel.class.php 第 187 行.
NOTIC: [2] Invalid argument supplied for foreach() D:\xampp\htdocs\ThinkPHP_3_1_3_YO\linglingtangcom\APP\Lib\Model\DistrictModel.class.php 第 187 行.
NOTIC: [2] Invalid argument supplied for foreach() D:\xampp\htdocs\ThinkPHP_3_1_3_YO\linglingtangcom\APP\Lib\Model\DistrictModel.class.php 第 187 行.
NOTIC: [2] Invalid argument supplied for foreach() D:\xampp\htdocs\ThinkPHP_3_1_3_YO\linglingtangcom\APP\Lib\Model\DistrictModel.class.php 第 187 行.
NOTIC: [2] Invalid argument supplied for foreach() D:\xampp\htdocs\ThinkPHP_3_1_3_YO\linglingtangcom\APP\Lib\Model\DistrictModel.class.php 第 187 行.
NOTIC: [2] Invalid argument supplied for foreach() D:\xampp\htdocs\ThinkPHP_3_1_3_YO\linglingtangcom\APP\Lib\Model\DistrictModel.class.php 第 187 行.
NOTIC: [2] Invalid argument supplied for foreach() D:\xampp\htdocs\ThinkPHP_3_1_3_YO\linglingtangcom\APP\Lib\Model\DistrictModel.class.php 第 187 行.
NOTIC: [2] Invalid argument supplied for foreach() D:\xampp\htdocs\ThinkPHP_3_1_3_YO\linglingtangcom\APP\Lib\Model\DistrictModel.class.php 第 187 行.
NOTIC: [2] Invalid argument supplied for foreach() D:\xampp\htdocs\ThinkPHP_3_1_3_YO\linglingtangcom\APP\Lib\Model\DistrictModel.class.php 第 187 行.
NOTIC: [2] Invalid argument supplied for foreach() D:\xampp\htdocs\ThinkPHP_3_1_3_YO\linglingtangcom\APP\Lib\Model\DistrictModel.class.php 第 187 行.
NOTIC: [2] Invalid argument supplied for foreach() D:\xampp\htdocs\ThinkPHP_3_1_3_YO\linglingtangcom\APP\Lib\Model\DistrictModel.class.php 第 187 行.
NOTIC: [2] Invalid argument supplied for foreach() D:\xampp\htdocs\ThinkPHP_3_1_3_YO\linglingtangcom\APP\Lib\Model\DistrictModel.class.php 第 187 行.
NOTIC: [2] Invalid argument supplied for foreach() D:\xampp\htdocs\ThinkPHP_3_1_3_YO\linglingtangcom\APP\Lib\Model\DistrictModel.class.php 第 187 行.
NOTIC: [2] Invalid argument supplied for foreach() D:\xampp\htdocs\ThinkPHP_3_1_3_YO\linglingtangcom\APP\Lib\Model\DistrictModel.class.php 第 187 行.
NOTIC: [2] Invalid argument supplied for foreach() D:\xampp\htdocs\ThinkPHP_3_1_3_YO\linglingtangcom\APP\Lib\Model\DistrictModel.class.php 第 187 行.
NOTIC: [2] Invalid argument supplied for foreach() D:\xampp\htdocs\ThinkPHP_3_1_3_YO\linglingtangcom\APP\Lib\Model\DistrictModel.class.php 第 187 行.
NOTIC: [2] Invalid argument supplied for foreach() D:\xampp\htdocs\ThinkPHP_3_1_3_YO\linglingtangcom\APP\Lib\Model\DistrictModel.class.php 第 187 行.
NOTIC: [2] Invalid argument supplied for foreach() D:\xampp\htdocs\ThinkPHP_3_1_3_YO\linglingtangcom\APP\Lib\Model\DistrictModel.class.php 第 187 行.
NOTIC: [2] Invalid argument supplied for foreach() D:\xampp\htdocs\ThinkPHP_3_1_3_YO\linglingtangcom\APP\Lib\Model\DistrictModel.class.php 第 187 行.
NOTIC: [2] Invalid argument supplied for foreach() D:\xampp\htdocs\ThinkPHP_3_1_3_YO\linglingtangcom\APP\Lib\Model\DistrictModel.class.php 第 187 行.
NOTIC: [2] Invalid argument supplied for foreach() D:\xampp\htdocs\ThinkPHP_3_1_3_YO\linglingtangcom\APP\Lib\Model\DistrictModel.class.php 第 187 行.
NOTIC: [2] Invalid argument supplied for foreach() D:\xampp\htdocs\ThinkPHP_3_1_3_YO\linglingtangcom\APP\Lib\Model\DistrictModel.class.php 第 187 行.
NOTIC: [2] Invalid argument supplied for foreach() D:\xampp\htdocs\ThinkPHP_3_1_3_YO\linglingtangcom\APP\Lib\Model\DistrictModel.class.php 第 187 行.
NOTIC: [2] Invalid argument supplied for foreach() D:\xampp\htdocs\ThinkPHP_3_1_3_YO\linglingtangcom\APP\Lib\Model\DistrictModel.class.php 第 187 行.
NOTIC: [2] Invalid argument supplied for foreach() D:\xampp\htdocs\ThinkPHP_3_1_3_YO\linglingtangcom\APP\Lib\Model\DistrictModel.class.php 第 187 行.
NOTIC: [2] Invalid argument supplied for foreach() D:\xampp\htdocs\ThinkPHP_3_1_3_YO\linglingtangcom\APP\Lib\Model\DistrictModel.class.php 第 187 行.
NOTIC: [2] Invalid argument supplied for foreach() D:\xampp\htdocs\ThinkPHP_3_1_3_YO\linglingtangcom\APP\Lib\Model\DistrictModel.class.php 第 187 行.
NOTIC: [2] Invalid argument supplied for foreach() D:\xampp\htdocs\ThinkPHP_3_1_3_YO\linglingtangcom\APP\Lib\Model\DistrictModel.class.php 第 187 行.
NOTIC: [2] Invalid argument supplied for foreach() D:\xampp\htdocs\ThinkPHP_3_1_3_YO\linglingtangcom\APP\Lib\Model\DistrictModel.class.php 第 187 行.
NOTIC: [2] Invalid argument supplied for foreach() D:\xampp\htdocs\ThinkPHP_3_1_3_YO\linglingtangcom\APP\Lib\Model\DistrictModel.class.php 第 187 行.
NOTIC: [2] Invalid argument supplied for foreach() D:\xampp\htdocs\ThinkPHP_3_1_3_YO\linglingtangcom\APP\Lib\Model\DistrictModel.class.php 第 187 行.
NOTIC: [2] Invalid argument supplied for foreach() D:\xampp\htdocs\ThinkPHP_3_1_3_YO\linglingtangcom\APP\Lib\Model\DistrictModel.class.php 第 187 行.
NOTIC: [2] Invalid argument supplied for foreach() D:\xampp\htdocs\ThinkPHP_3_1_3_YO\linglingtangcom\APP\Lib\Model\DistrictModel.class.php 第 187 行.
NOTIC: [2] Invalid argument supplied for foreach() D:\xampp\htdocs\ThinkPHP_3_1_3_YO\linglingtangcom\APP\Lib\Model\DistrictModel.class.php 第 187 行.
NOTIC: [2] Invalid argument supplied for foreach() D:\xampp\htdocs\ThinkPHP_3_1_3_YO\linglingtangcom\APP\Lib\Model\DistrictModel.class.php 第 187 行.
NOTIC: [2] Invalid argument supplied for foreach() D:\xampp\htdocs\ThinkPHP_3_1_3_YO\linglingtangcom\APP\Lib\Model\DistrictModel.class.php 第 187 行.
NOTIC: [2] Invalid argument supplied for foreach() D:\xampp\htdocs\ThinkPHP_3_1_3_YO\linglingtangcom\APP\Lib\Model\DistrictModel.class.php 第 187 行.
NOTIC: [2] Invalid argument supplied for foreach() D:\xampp\htdocs\ThinkPHP_3_1_3_YO\linglingtangcom\APP\Lib\Model\DistrictModel.class.php 第 187 行.
NOTIC: [2] Invalid argument supplied for foreach() D:\xampp\htdocs\ThinkPHP_3_1_3_YO\linglingtangcom\APP\Lib\Model\DistrictModel.class.php 第 187 行.
NOTIC: [2] Invalid argument supplied for foreach() D:\xampp\htdocs\ThinkPHP_3_1_3_YO\linglingtangcom\APP\Lib\Model\DistrictModel.class.php 第 187 行.
NOTIC: [2] Invalid argument supplied for foreach() D:\xampp\htdocs\ThinkPHP_3_1_3_YO\linglingtangcom\APP\Lib\Model\DistrictModel.class.php 第 187 行.
NOTIC: [2] Invalid argument supplied for foreach() D:\xampp\htdocs\ThinkPHP_3_1_3_YO\linglingtangcom\APP\Lib\Model\DistrictModel.class.php 第 187 行.
NOTIC: [2] Invalid argument supplied for foreach() D:\xampp\htdocs\ThinkPHP_3_1_3_YO\linglingtangcom\APP\Lib\Model\DistrictModel.class.php 第 187 行.
NOTIC: [2] Invalid argument supplied for foreach() D:\xampp\htdocs\ThinkPHP_3_1_3_YO\linglingtangcom\APP\Lib\Model\DistrictModel.class.php 第 187 行.
NOTIC: [2] Invalid argument supplied for foreach() D:\xampp\htdocs\ThinkPHP_3_1_3_YO\linglingtangcom\APP\Lib\Model\DistrictModel.class.php 第 187 行.
NOTIC: [2] Invalid argument supplied for foreach() D:\xampp\htdocs\ThinkPHP_3_1_3_YO\linglingtangcom\APP\Lib\Model\DistrictModel.class.php 第 187 行.
NOTIC: [2] Invalid argument supplied for foreach() D:\xampp\htdocs\ThinkPHP_3_1_3_YO\linglingtangcom\APP\Lib\Model\DistrictModel.class.php 第 187 行.
NOTIC: [2] Invalid argument supplied for foreach() D:\xampp\htdocs\ThinkPHP_3_1_3_YO\linglingtangcom\APP\Lib\Model\DistrictModel.class.php 第 187 行.
NOTIC: [2] Invalid argument supplied for foreach() D:\xampp\htdocs\ThinkPHP_3_1_3_YO\linglingtangcom\APP\Lib\Model\DistrictModel.class.php 第 187 行.
NOTIC: [2] Invalid argument supplied for foreach() D:\xampp\htdocs\ThinkPHP_3_1_3_YO\linglingtangcom\APP\Lib\Model\DistrictModel.class.php 第 187 行.
NOTIC: [2] Invalid argument supplied for foreach() D:\xampp\htdocs\ThinkPHP_3_1_3_YO\linglingtangcom\APP\Lib\Model\DistrictModel.class.php 第 187 行.
NOTIC: [2] Invalid argument supplied for foreach() D:\xampp\htdocs\ThinkPHP_3_1_3_YO\linglingtangcom\APP\Lib\Model\DistrictModel.class.php 第 187 行.
NOTIC: [2] Invalid argument supplied for foreach() D:\xampp\htdocs\ThinkPHP_3_1_3_YO\linglingtangcom\APP\Lib\Model\DistrictModel.class.php 第 187 行.
NOTIC: [2] Invalid argument supplied for foreach() D:\xampp\htdocs\ThinkPHP_3_1_3_YO\linglingtangcom\APP\Lib\Model\DistrictModel.class.php 第 187 行.
NOTIC: [2] Invalid argument supplied for foreach() D:\xampp\htdocs\ThinkPHP_3_1_3_YO\linglingtangcom\APP\Lib\Model\DistrictModel.class.php 第 187 行.
NOTIC: [2] Invalid argument supplied for foreach() D:\xampp\htdocs\ThinkPHP_3_1_3_YO\linglingtangcom\APP\Lib\Model\DistrictModel.class.php 第 187 行.
NOTIC: [2] Invalid argument supplied for foreach() D:\xampp\htdocs\ThinkPHP_3_1_3_YO\linglingtangcom\APP\Lib\Model\DistrictModel.class.php 第 187 行.
NOTIC: [2] Invalid argument supplied for foreach() D:\xampp\htdocs\ThinkPHP_3_1_3_YO\linglingtangcom\APP\Lib\Model\DistrictModel.class.php 第 187 行.
NOTIC: [2] Invalid argument supplied for foreach() D:\xampp\htdocs\ThinkPHP_3_1_3_YO\linglingtangcom\APP\Lib\Model\DistrictModel.class.php 第 187 行.
NOTIC: [2] Invalid argument supplied for foreach() D:\xampp\htdocs\ThinkPHP_3_1_3_YO\linglingtangcom\APP\Lib\Model\DistrictModel.class.php 第 187 行.
NOTIC: [2] Invalid argument supplied for foreach() D:\xampp\htdocs\ThinkPHP_3_1_3_YO\linglingtangcom\APP\Lib\Model\DistrictModel.class.php 第 187 行.
NOTIC: [2] Invalid argument supplied for foreach() D:\xampp\htdocs\ThinkPHP_3_1_3_YO\linglingtangcom\APP\Lib\Model\DistrictModel.class.php 第 187 行.
NOTIC: [2] Invalid argument supplied for foreach() D:\xampp\htdocs\ThinkPHP_3_1_3_YO\linglingtangcom\APP\Lib\Model\DistrictModel.class.php 第 187 行.
NOTIC: [2] Invalid argument supplied for foreach() D:\xampp\htdocs\ThinkPHP_3_1_3_YO\linglingtangcom\APP\Lib\Model\DistrictModel.class.php 第 187 行.
NOTIC: [2] Invalid argument supplied for foreach() D:\xampp\htdocs\ThinkPHP_3_1_3_YO\linglingtangcom\APP\Lib\Model\DistrictModel.class.php 第 187 行.
NOTIC: [2] Invalid argument supplied for foreach() D:\xampp\htdocs\ThinkPHP_3_1_3_YO\linglingtangcom\APP\Lib\Model\DistrictModel.class.php 第 187 行.
NOTIC: [2] Invalid argument supplied for foreach() D:\xampp\htdocs\ThinkPHP_3_1_3_YO\linglingtangcom\APP\Lib\Model\DistrictModel.class.php 第 187 行.
NOTIC: [2] Invalid argument supplied for foreach() D:\xampp\htdocs\ThinkPHP_3_1_3_YO\linglingtangcom\APP\Lib\Model\DistrictModel.class.php 第 187 行.
NOTIC: [2] Invalid argument supplied for foreach() D:\xampp\htdocs\ThinkPHP_3_1_3_YO\linglingtangcom\APP\Lib\Model\DistrictModel.class.php 第 187 行.
NOTIC: [2] Invalid argument supplied for foreach() D:\xampp\htdocs\ThinkPHP_3_1_3_YO\linglingtangcom\APP\Lib\Model\DistrictModel.class.php 第 187 行.
NOTIC: [2] Invalid argument supplied for foreach() D:\xampp\htdocs\ThinkPHP_3_1_3_YO\linglingtangcom\APP\Lib\Model\DistrictModel.class.php 第 187 行.
NOTIC: [2] Invalid argument supplied for foreach() D:\xampp\htdocs\ThinkPHP_3_1_3_YO\linglingtangcom\APP\Lib\Model\DistrictModel.class.php 第 187 行.
NOTIC: [2] Invalid argument supplied for foreach() D:\xampp\htdocs\ThinkPHP_3_1_3_YO\linglingtangcom\APP\Lib\Model\DistrictModel.class.php 第 187 行.
NOTIC: [2] Invalid argument supplied for foreach() D:\xampp\htdocs\ThinkPHP_3_1_3_YO\linglingtangcom\APP\Lib\Model\DistrictModel.class.php 第 187 行.
NOTIC: [2] Invalid argument supplied for foreach() D:\xampp\htdocs\ThinkPHP_3_1_3_YO\linglingtangcom\APP\Lib\Model\DistrictModel.class.php 第 187 行.
NOTIC: [2] Invalid argument supplied for foreach() D:\xampp\htdocs\ThinkPHP_3_1_3_YO\linglingtangcom\APP\Lib\Model\DistrictModel.class.php 第 187 行.
NOTIC: [2] Invalid argument supplied for foreach() D:\xampp\htdocs\ThinkPHP_3_1_3_YO\linglingtangcom\APP\Lib\Model\DistrictModel.class.php 第 187 行.
NOTIC: [2] Invalid argument supplied for foreach() D:\xampp\htdocs\ThinkPHP_3_1_3_YO\linglingtangcom\APP\Lib\Model\DistrictModel.class.php 第 187 行.
NOTIC: [2] Invalid argument supplied for foreach() D:\xampp\htdocs\ThinkPHP_3_1_3_YO\linglingtangcom\APP\Lib\Model\DistrictModel.class.php 第 187 行.
NOTIC: [2] Invalid argument supplied for foreach() D:\xampp\htdocs\ThinkPHP_3_1_3_YO\linglingtangcom\APP\Lib\Model\DistrictModel.class.php 第 187 行.
NOTIC: [2] Invalid argument supplied for foreach() D:\xampp\htdocs\ThinkPHP_3_1_3_YO\linglingtangcom\APP\Lib\Model\DistrictModel.class.php 第 187 行.
NOTIC: [2] Invalid argument supplied for foreach() D:\xampp\htdocs\ThinkPHP_3_1_3_YO\linglingtangcom\APP\Lib\Model\DistrictModel.class.php 第 187 行.
NOTIC: [2] Invalid argument supplied for foreach() D:\xampp\htdocs\ThinkPHP_3_1_3_YO\linglingtangcom\APP\Lib\Model\DistrictModel.class.php 第 187 行.
NOTIC: [2] Invalid argument supplied for foreach() D:\xampp\htdocs\ThinkPHP_3_1_3_YO\linglingtangcom\APP\Lib\Model\DistrictModel.class.php 第 187 行.
NOTIC: [2] Invalid argument supplied for foreach() D:\xampp\htdocs\ThinkPHP_3_1_3_YO\linglingtangcom\APP\Lib\Model\DistrictModel.class.php 第 187 行.
NOTIC: [2] Invalid argument supplied for foreach() D:\xampp\htdocs\ThinkPHP_3_1_3_YO\linglingtangcom\APP\Lib\Model\DistrictModel.class.php 第 187 行.
NOTIC: [2] Invalid argument supplied for foreach() D:\xampp\htdocs\ThinkPHP_3_1_3_YO\linglingtangcom\APP\Lib\Model\DistrictModel.class.php 第 187 行.
NOTIC: [2] Invalid argument supplied for foreach() D:\xampp\htdocs\ThinkPHP_3_1_3_YO\linglingtangcom\APP\Lib\Model\DistrictModel.class.php 第 187 行.
NOTIC: [2] Invalid argument supplied for foreach() D:\xampp\htdocs\ThinkPHP_3_1_3_YO\linglingtangcom\APP\Lib\Model\DistrictModel.class.php 第 187 行.
NOTIC: [2] Invalid argument supplied for foreach() D:\xampp\htdocs\ThinkPHP_3_1_3_YO\linglingtangcom\APP\Lib\Model\DistrictModel.class.php 第 187 行.
NOTIC: [2] Invalid argument supplied for foreach() D:\xampp\htdocs\ThinkPHP_3_1_3_YO\linglingtangcom\APP\Lib\Model\DistrictModel.class.php 第 187 行.
NOTIC: [2] Invalid argument supplied for foreach() D:\xampp\htdocs\ThinkPHP_3_1_3_YO\linglingtangcom\APP\Lib\Model\DistrictModel.class.php 第 187 行.
NOTIC: [2] Invalid argument supplied for foreach() D:\xampp\htdocs\ThinkPHP_3_1_3_YO\linglingtangcom\APP\Lib\Model\DistrictModel.class.php 第 187 行.
NOTIC: [2] Invalid argument supplied for foreach() D:\xampp\htdocs\ThinkPHP_3_1_3_YO\linglingtangcom\APP\Lib\Model\DistrictModel.class.php 第 187 行.
NOTIC: [2] Invalid argument supplied for foreach() D:\xampp\htdocs\ThinkPHP_3_1_3_YO\linglingtangcom\APP\Lib\Model\DistrictModel.class.php 第 187 行.
NOTIC: [2] Invalid argument supplied for foreach() D:\xampp\htdocs\ThinkPHP_3_1_3_YO\linglingtangcom\APP\Lib\Model\DistrictModel.class.php 第 187 行.
NOTIC: [2] Invalid argument supplied for foreach() D:\xampp\htdocs\ThinkPHP_3_1_3_YO\linglingtangcom\APP\Lib\Model\DistrictModel.class.php 第 187 行.
NOTIC: [2] Invalid argument supplied for foreach() D:\xampp\htdocs\ThinkPHP_3_1_3_YO\linglingtangcom\APP\Lib\Model\DistrictModel.class.php 第 187 行.
NOTIC: [2] Invalid argument supplied for foreach() D:\xampp\htdocs\ThinkPHP_3_1_3_YO\linglingtangcom\APP\Lib\Model\DistrictModel.class.php 第 187 行.
NOTIC: [2] Invalid argument supplied for foreach() D:\xampp\htdocs\ThinkPHP_3_1_3_YO\linglingtangcom\APP\Lib\Model\DistrictModel.class.php 第 187 行.
NOTIC: [2] Invalid argument supplied for foreach() D:\xampp\htdocs\ThinkPHP_3_1_3_YO\linglingtangcom\APP\Lib\Model\DistrictModel.class.php 第 187 行.
NOTIC: [2] Invalid argument supplied for foreach() D:\xampp\htdocs\ThinkPHP_3_1_3_YO\linglingtangcom\APP\Lib\Model\DistrictModel.class.php 第 187 行.
NOTIC: [2] Invalid argument supplied for foreach() D:\xampp\htdocs\ThinkPHP_3_1_3_YO\linglingtangcom\APP\Lib\Model\DistrictModel.class.php 第 187 行.
NOTIC: [2] Invalid argument supplied for foreach() D:\xampp\htdocs\ThinkPHP_3_1_3_YO\linglingtangcom\APP\Lib\Model\DistrictModel.class.php 第 187 行.
NOTIC: [2] Invalid argument supplied for foreach() D:\xampp\htdocs\ThinkPHP_3_1_3_YO\linglingtangcom\APP\Lib\Model\DistrictModel.class.php 第 187 行.
NOTIC: [2] Invalid argument supplied for foreach() D:\xampp\htdocs\ThinkPHP_3_1_3_YO\linglingtangcom\APP\Lib\Model\DistrictModel.class.php 第 187 行.
NOTIC: [2] Invalid argument supplied for foreach() D:\xampp\htdocs\ThinkPHP_3_1_3_YO\linglingtangcom\APP\Lib\Model\DistrictModel.class.php 第 187 行.
NOTIC: [2] Invalid argument supplied for foreach() D:\xampp\htdocs\ThinkPHP_3_1_3_YO\linglingtangcom\APP\Lib\Model\DistrictModel.class.php 第 187 行.
NOTIC: [2] Invalid argument supplied for foreach() D:\xampp\htdocs\ThinkPHP_3_1_3_YO\linglingtangcom\APP\Lib\Model\DistrictModel.class.php 第 187 行.
NOTIC: [2] Invalid argument supplied for foreach() D:\xampp\htdocs\ThinkPHP_3_1_3_YO\linglingtangcom\APP\Lib\Model\DistrictModel.class.php 第 187 行.
NOTIC: [2] Invalid argument supplied for foreach() D:\xampp\htdocs\ThinkPHP_3_1_3_YO\linglingtangcom\APP\Lib\Model\DistrictModel.class.php 第 187 行.
NOTIC: [2] Invalid argument supplied for foreach() D:\xampp\htdocs\ThinkPHP_3_1_3_YO\linglingtangcom\APP\Lib\Model\DistrictModel.class.php 第 187 行.
NOTIC: [2] Invalid argument supplied for foreach() D:\xampp\htdocs\ThinkPHP_3_1_3_YO\linglingtangcom\APP\Lib\Model\DistrictModel.class.php 第 187 行.
NOTIC: [2] Invalid argument supplied for foreach() D:\xampp\htdocs\ThinkPHP_3_1_3_YO\linglingtangcom\APP\Lib\Model\DistrictModel.class.php 第 187 行.
NOTIC: [2] Invalid argument supplied for foreach() D:\xampp\htdocs\ThinkPHP_3_1_3_YO\linglingtangcom\APP\Lib\Model\DistrictModel.class.php 第 187 行.
NOTIC: [2] Invalid argument supplied for foreach() D:\xampp\htdocs\ThinkPHP_3_1_3_YO\linglingtangcom\APP\Lib\Model\DistrictModel.class.php 第 187 行.
NOTIC: [2] Invalid argument supplied for foreach() D:\xampp\htdocs\ThinkPHP_3_1_3_YO\linglingtangcom\APP\Lib\Model\DistrictModel.class.php 第 187 行.
NOTIC: [2] Invalid argument supplied for foreach() D:\xampp\htdocs\ThinkPHP_3_1_3_YO\linglingtangcom\APP\Lib\Model\DistrictModel.class.php 第 187 行.
NOTIC: [2] Invalid argument supplied for foreach() D:\xampp\htdocs\ThinkPHP_3_1_3_YO\linglingtangcom\APP\Lib\Model\DistrictModel.class.php 第 187 行.
NOTIC: [2] Invalid argument supplied for foreach() D:\xampp\htdocs\ThinkPHP_3_1_3_YO\linglingtangcom\APP\Lib\Model\DistrictModel.class.php 第 187 行.
NOTIC: [2] Invalid argument supplied for foreach() D:\xampp\htdocs\ThinkPHP_3_1_3_YO\linglingtangcom\APP\Lib\Model\DistrictModel.class.php 第 187 行.
NOTIC: [2] Invalid argument supplied for foreach() D:\xampp\htdocs\ThinkPHP_3_1_3_YO\linglingtangcom\APP\Lib\Model\DistrictModel.class.php 第 187 行.
NOTIC: [2] Invalid argument supplied for foreach() D:\xampp\htdocs\ThinkPHP_3_1_3_YO\linglingtangcom\APP\Lib\Model\DistrictModel.class.php 第 187 行.
NOTIC: [2] Invalid argument supplied for foreach() D:\xampp\htdocs\ThinkPHP_3_1_3_YO\linglingtangcom\APP\Lib\Model\DistrictModel.class.php 第 187 行.
NOTIC: [2] Invalid argument supplied for foreach() D:\xampp\htdocs\ThinkPHP_3_1_3_YO\linglingtangcom\APP\Lib\Model\DistrictModel.class.php 第 187 行.
NOTIC: [2] Invalid argument supplied for foreach() D:\xampp\htdocs\ThinkPHP_3_1_3_YO\linglingtangcom\APP\Lib\Model\DistrictModel.class.php 第 187 行.
NOTIC: [2] Invalid argument supplied for foreach() D:\xampp\htdocs\ThinkPHP_3_1_3_YO\linglingtangcom\APP\Lib\Model\DistrictModel.class.php 第 187 行.
NOTIC: [2] Invalid argument supplied for foreach() D:\xampp\htdocs\ThinkPHP_3_1_3_YO\linglingtangcom\APP\Lib\Model\DistrictModel.class.php 第 187 行.
NOTIC: [2] Invalid argument supplied for foreach() D:\xampp\htdocs\ThinkPHP_3_1_3_YO\linglingtangcom\APP\Lib\Model\DistrictModel.class.php 第 187 行.
NOTIC: [8] Undefined variable: css D:\xampp\htdocs\ThinkPHP_3_1_3_YO\linglingtangcom\APP\Runtime\Cache\Yo81008\da6736fda1ac3770f46a313c3613f055.php 第 1 行.
INFO: ParseTemplate Behavior ::run [ RunTime:4.713867s ]
INFO: [ view_parse ] --END-- [ RunTime:4.725586s ]
INFO: [ view_filter ] --START--
INFO: ContentReplace Behavior ::run [ RunTime:0.028320s ]
INFO: TokenBuild Behavior ::run [ RunTime:0.030273s ]
INFO: WriteHtmlCache Behavior ::run [ RunTime:0.020508s ]
INFO: ShowRuntime Behavior ::run [ RunTime:0.041016s ]
INFO: [ view_filter ] --END-- [ RunTime:0.156250s ]
INFO: [ view_end ] --START--
INFO: ShowPageTrace Behavior ::run [ RunTime:0.025390s ]
INFO: [ view_end ] --END-- [ RunTime:0.076172s ]

[ 2016-06-13T22:27:21+08:00 ] 127.0.0.1 /index.php?s=/Index/get_weather_info.html
INFO: [ app_begin ] --START--
INFO: ReadHtmlCache Behavior ::run [ RunTime:0.032226s ]
INFO: CheckLang Behavior ::run [ RunTime:0.089844s ]
INFO: [ app_begin ] --END-- [ RunTime:0.134766s ]
NOTIC: [8] Undefined index: areaid D:\xampp\htdocs\ThinkPHP_3_1_3_YO\linglingtangcom\APP\Lib\ORG\Weather.class.php 第 646 行.
SQL: SHOW COLUMNS FROM `yo_district` [ RunTime:0.023438s ]
SQL: SELECT * FROM `yo_district` WHERE ( `id` = 1 ) LIMIT 1   [ RunTime:0.004883s ]
NOTIC: [8] Undefined index: weather_area_id D:\xampp\htdocs\ThinkPHP_3_1_3_YO\linglingtangcom\APP\Lib\Action\Yo81008\IndexAction.class.php 第 101 行.
NOTIC: [2] file_get_contents():  D:\xampp\htdocs\ThinkPHP_3_1_3_YO\linglingtangcom\APP\Lib\ORG\Weather.class.php 第 499 行.
NOTIC: [2] file_get_contents(http://open.weather.com.cn/data/?areaid=101280101&amp;type=forecast_v&amp;date=201606132227&amp;appid=194365&amp;key=dxj7djCQZQK2wNYpRAciZE2G45A%3D):  D:\xampp\htdocs\ThinkPHP_3_1_3_YO\linglingtangcom\APP\Lib\ORG\Weather.class.php 第 499 行.
NOTIC: [2] Invalid argument supplied for foreach() D:\xampp\htdocs\ThinkPHP_3_1_3_YO\linglingtangcom\APP\Lib\ORG\Weather.class.php 第 503 行.

[ 2016-06-13T22:34:44+08:00 ] 127.0.0.1 /Public/Widget/ListWebsite/Yocms_website_list_93/Yocms_website_list_93.js?_=1465828484552
INFO: [ app_begin ] --START--
INFO: ReadHtmlCache Behavior ::run [ RunTime:0.006836s ]
INFO: CheckLang Behavior ::run [ RunTime:0.020508s ]
INFO: [ app_begin ] --END-- [ RunTime:0.038086s ]
ERR: 无法加载模块:Public

[ 2016-06-13T22:34:44+08:00 ] 127.0.0.1 /Public/Widget/ListWebsite/Yocms_website_list_94/Yocms_website_list_94.js?_=1465828484754
INFO: [ app_begin ] --START--
INFO: ReadHtmlCache Behavior ::run [ RunTime:0.007813s ]
INFO: CheckLang Behavior ::run [ RunTime:0.017578s ]
INFO: [ app_begin ] --END-- [ RunTime:0.030274s ]
ERR: 无法加载模块:Public

[ 2016-06-13T22:35:16+08:00 ] 127.0.0.1 /Public/Widget/ListWebsite/Yocms_website_list_93/Yocms_website_list_93.js?_=1465828516333
INFO: [ app_begin ] --START--
INFO: ReadHtmlCache Behavior ::run [ RunTime:0.012695s ]
INFO: CheckLang Behavior ::run [ RunTime:0.021485s ]
INFO: [ app_begin ] --END-- [ RunTime:0.039063s ]
ERR: 无法加载模块:Public

[ 2016-06-13T22:35:16+08:00 ] 127.0.0.1 /Public/Widget/ListWebsite/Yocms_website_list_94/Yocms_website_list_94.js?_=1465828516614
INFO: [ app_begin ] --START--
INFO: ReadHtmlCache Behavior ::run [ RunTime:0.016602s ]
INFO: CheckLang Behavior ::run [ RunTime:0.030274s ]
INFO: [ app_begin ] --END-- [ RunTime:0.054688s ]
ERR: 无法加载模块:Public

[ 2016-06-13T22:36:41+08:00 ] 127.0.0.1 /Public/Widget/ListWebsite/Yocms_website_list_93/Yocms_website_list_93.js?_=1465828601088
INFO: [ app_begin ] --START--
INFO: ReadHtmlCache Behavior ::run [ RunTime:0.011719s ]
INFO: CheckLang Behavior ::run [ RunTime:0.025391s ]
INFO: [ app_begin ] --END-- [ RunTime:0.043945s ]
ERR: 无法加载模块:Public

[ 2016-06-13T22:36:41+08:00 ] 127.0.0.1 /Public/Widget/ListWebsite/Yocms_website_list_94/Yocms_website_list_94.js?_=1465828601352
INFO: [ app_begin ] --START--
INFO: ReadHtmlCache Behavior ::run [ RunTime:0.014649s ]
INFO: CheckLang Behavior ::run [ RunTime:0.027344s ]
INFO: [ app_begin ] --END-- [ RunTime:0.048828s ]
ERR: 无法加载模块:Public

[ 2016-06-13T22:41:19+08:00 ] 127.0.0.1 /Public/Widget/ListWebsite/Yocms_website_list_93/Yocms_website_list_93.js?_=1465828879091
INFO: [ app_begin ] --START--
INFO: ReadHtmlCache Behavior ::run [ RunTime:0.017578s ]
INFO: CheckLang Behavior ::run [ RunTime:0.069336s ]
INFO: [ app_begin ] --END-- [ RunTime:0.094726s ]
ERR: 无法加载模块:Public

[ 2016-06-13T22:41:20+08:00 ] 127.0.0.1 /Public/Widget/ListWebsite/Yocms_website_list_94/Yocms_website_list_94.js?_=1465828879480
INFO: [ app_begin ] --START--
INFO: ReadHtmlCache Behavior ::run [ RunTime:0.017578s ]
INFO: CheckLang Behavior ::run [ RunTime:0.145507s ]
INFO: [ app_begin ] --END-- [ RunTime:0.224610s ]
ERR: 无法加载模块:Public

[ 2016-06-13T22:41:40+08:00 ] 127.0.0.1 /Public/Widget/ListWebsite/Yocms_website_list_93/Yocms_website_list_93.js?_=1465828900240
INFO: [ app_begin ] --START--
INFO: ReadHtmlCache Behavior ::run [ RunTime:0.008789s ]
INFO: CheckLang Behavior ::run [ RunTime:0.025390s ]
INFO: [ app_begin ] --END-- [ RunTime:0.041992s ]
ERR: 无法加载模块:Public

[ 2016-06-13T22:41:40+08:00 ] 127.0.0.1 /Public/Widget/ListWebsite/Yocms_website_list_94/Yocms_website_list_94.js?_=1465828900515
INFO: [ app_begin ] --START--
INFO: ReadHtmlCache Behavior ::run [ RunTime:0.012695s ]
INFO: CheckLang Behavior ::run [ RunTime:0.028320s ]
INFO: [ app_begin ] --END-- [ RunTime:0.056641s ]
ERR: 无法加载模块:Public

[ 2016-06-13T22:42:44+08:00 ] 127.0.0.1 /Public/Widget/ListWebsite/Yocms_website_list_93/Yocms_website_list_93.js?_=1465828963738
INFO: [ app_begin ] --START--
INFO: ReadHtmlCache Behavior ::run [ RunTime:0.010742s ]
INFO: CheckLang Behavior ::run [ RunTime:0.029297s ]
INFO: [ app_begin ] --END-- [ RunTime:0.052734s ]
ERR: 无法加载模块:Public

[ 2016-06-13T22:42:44+08:00 ] 127.0.0.1 /Public/Widget/ListWebsite/Yocms_website_list_94/Yocms_website_list_94.js?_=1465828964011
INFO: [ app_begin ] --START--
INFO: ReadHtmlCache Behavior ::run [ RunTime:0.008789s ]
INFO: CheckLang Behavior ::run [ RunTime:0.022461s ]
INFO: [ app_begin ] --END-- [ RunTime:0.039062s ]
ERR: 无法加载模块:Public

[ 2016-06-13T22:43:03+08:00 ] 127.0.0.1 /Public/Widget/ListWebsite/Yocms_website_list_93/Yocms_website_list_93.js?_=1465828983032
INFO: [ app_begin ] --START--
INFO: ReadHtmlCache Behavior ::run [ RunTime:0.010742s ]
INFO: CheckLang Behavior ::run [ RunTime:0.021484s ]
INFO: [ app_begin ] --END-- [ RunTime:0.039063s ]
ERR: 无法加载模块:Public

[ 2016-06-13T22:43:03+08:00 ] 127.0.0.1 /Public/Widget/ListWebsite/Yocms_website_list_94/Yocms_website_list_94.js?_=1465828983238
INFO: [ app_begin ] --START--
INFO: ReadHtmlCache Behavior ::run [ RunTime:0.009765s ]
INFO: CheckLang Behavior ::run [ RunTime:0.022460s ]
INFO: [ app_begin ] --END-- [ RunTime:0.040039s ]
ERR: 无法加载模块:Public

[ 2016-06-13T22:45:32+08:00 ] 127.0.0.1 /Public/Widget/ListWebsite/Yocms_website_list_93/Yocms_website_list_93.js?_=1465829132387
INFO: [ app_begin ] --START--
INFO: ReadHtmlCache Behavior ::run [ RunTime:0.012695s ]
INFO: CheckLang Behavior ::run [ RunTime:0.025391s ]
INFO: [ app_begin ] --END-- [ RunTime:0.043945s ]
ERR: 无法加载模块:Public

[ 2016-06-13T22:45:32+08:00 ] 127.0.0.1 /Public/Widget/ListWebsite/Yocms_website_list_94/Yocms_website_list_94.js?_=1465829132633
INFO: [ app_begin ] --START--
INFO: ReadHtmlCache Behavior ::run [ RunTime:0.010743s ]
INFO: CheckLang Behavior ::run [ RunTime:0.019531s ]
INFO: [ app_begin ] --END-- [ RunTime:0.036133s ]
ERR: 无法加载模块:Public

[ 2016-06-13T22:56:50+08:00 ] 127.0.0.1 /Public/Widget/ListWebsite/Yocms_website_list_93/Yocms_website_list_93.js?_=1465829809958
INFO: [ app_begin ] --START--
INFO: ReadHtmlCache Behavior ::run [ RunTime:0.009766s ]
INFO: CheckLang Behavior ::run [ RunTime:0.041016s ]
INFO: [ app_begin ] --END-- [ RunTime:0.057617s ]
ERR: 无法加载模块:Public

[ 2016-06-13T22:56:50+08:00 ] 127.0.0.1 /Public/Widget/ListWebsite/Yocms_website_list_94/Yocms_website_list_94.js?_=1465829810160
INFO: [ app_begin ] --START--
INFO: ReadHtmlCache Behavior ::run [ RunTime:0.008789s ]
INFO: CheckLang Behavior ::run [ RunTime:0.018554s ]
INFO: [ app_begin ] --END-- [ RunTime:0.036132s ]
ERR: 无法加载模块:Public

